nohup: ignoring input
[2024-12-23 12:27:25,089][INFO] - [INIT] Device chosen: cuda
[2024-12-23 12:27:27,990][INFO] - Created dataset with 407808 samples.
[2024-12-23 12:27:27,990][INFO] - Created loader with 816 batches.
Using cache found in /home/lgierz/.cache/torch/hub/facebookresearch_dinov2_main
/home/lgierz/.cache/torch/hub/facebookresearch_dinov2_main/dinov2/layers/swiglu_ffn.py:51: UserWarning: xFormers is not available (SwiGLU)
  warnings.warn("xFormers is not available (SwiGLU)")
/home/lgierz/.cache/torch/hub/facebookresearch_dinov2_main/dinov2/layers/attention.py:33: UserWarning: xFormers is not available (Attention)
  warnings.warn("xFormers is not available (Attention)")
/home/lgierz/.cache/torch/hub/facebookresearch_dinov2_main/dinov2/layers/block.py:40: UserWarning: xFormers is not available (Block)
  warnings.warn("xFormers is not available (Block)")
[2024-12-23 12:27:28,794][INFO] - using SwiGLU layer as FFN
[LEPIDOPTERA_DATASET] In-memory index built.
DinoVisionTransformer(
  (patch_embed): PatchEmbed(
    (proj): Conv2d(3, 1536, kernel_size=(14, 14), stride=(14, 14))
    (norm): Identity()
  )
  (blocks): ModuleList(
    (0-39): 40 x NestedTensorBlock(
      (norm1): LayerNorm((1536,), eps=1e-06, elementwise_affine=True)
      (attn): MemEffAttention(
        (qkv): Linear(in_features=1536, out_features=4608, bias=True)
        (attn_drop): Dropout(p=0.0, inplace=False)
        (proj): Linear(in_features=1536, out_features=1536, bias=True)
        (proj_drop): Dropout(p=0.0, inplace=False)
      )
      (ls1): LayerScale()
      (drop_path1): Identity()
      (norm2): LayerNorm((1536,), eps=1e-06, elementwise_affine=True)
      (mlp): SwiGLUFFNFused(
        (w12): Linear(in_features=1536, out_features=8192, bias=True)
        (w3): Linear(in_features=4096, out_features=1536, bias=True)
      )
      (ls2): LayerScale()
      (drop_path2): Identity()
    )
  )
  (norm): LayerNorm((1536,), eps=1e-06, elementwise_affine=True)
  (head): Identity()
)
Starting feature extraction process...
[2024-12-23 12:27:52,466][INFO] - [FEATURE EXTRACTION] Batch [1/816] with 500 samples
[2024-12-23 12:28:21,245][INFO] - [FEATURE EXTRACTION] Batch [2/816] with 500 samples
[2024-12-23 12:28:46,887][INFO] - [FEATURE EXTRACTION] Batch [3/816] with 500 samples
[2024-12-23 12:29:12,930][INFO] - [FEATURE EXTRACTION] Batch [4/816] with 500 samples
[2024-12-23 12:29:39,324][INFO] - [FEATURE EXTRACTION] Batch [5/816] with 500 samples
[2024-12-23 12:30:05,763][INFO] - [FEATURE EXTRACTION] Batch [6/816] with 500 samples
[2024-12-23 12:30:32,368][INFO] - [FEATURE EXTRACTION] Batch [7/816] with 500 samples
[2024-12-23 12:30:58,908][INFO] - [FEATURE EXTRACTION] Batch [8/816] with 500 samples
[2024-12-23 12:31:25,537][INFO] - [FEATURE EXTRACTION] Batch [9/816] with 500 samples
[2024-12-23 12:31:52,081][INFO] - [FEATURE EXTRACTION] Batch [10/816] with 500 samples
[2024-12-23 12:32:18,761][INFO] - [FEATURE EXTRACTION] Batch [11/816] with 500 samples
[2024-12-23 12:32:45,334][INFO] - [FEATURE EXTRACTION] Batch [12/816] with 500 samples
[2024-12-23 12:33:11,997][INFO] - [FEATURE EXTRACTION] Batch [13/816] with 500 samples
[2024-12-23 12:33:38,550][INFO] - [FEATURE EXTRACTION] Batch [14/816] with 500 samples
[2024-12-23 12:34:05,211][INFO] - [FEATURE EXTRACTION] Batch [15/816] with 500 samples
[2024-12-23 12:34:31,794][INFO] - [FEATURE EXTRACTION] Batch [16/816] with 500 samples
[2024-12-23 12:34:58,483][INFO] - [FEATURE EXTRACTION] Batch [17/816] with 500 samples
[2024-12-23 12:35:25,034][INFO] - [FEATURE EXTRACTION] Batch [18/816] with 500 samples
[2024-12-23 12:35:51,704][INFO] - [FEATURE EXTRACTION] Batch [19/816] with 500 samples
[2024-12-23 12:36:18,273][INFO] - [FEATURE EXTRACTION] Batch [20/816] with 500 samples
[2024-12-23 12:36:44,908][INFO] - [FEATURE EXTRACTION] Batch [21/816] with 500 samples
[2024-12-23 12:37:11,451][INFO] - [FEATURE EXTRACTION] Batch [22/816] with 500 samples
[2024-12-23 12:37:38,111][INFO] - [FEATURE EXTRACTION] Batch [23/816] with 500 samples
[2024-12-23 12:38:04,654][INFO] - [FEATURE EXTRACTION] Batch [24/816] with 500 samples
[2024-12-23 12:38:31,309][INFO] - [FEATURE EXTRACTION] Batch [25/816] with 500 samples
[2024-12-23 12:38:57,903][INFO] - [FEATURE EXTRACTION] Batch [26/816] with 500 samples
[2024-12-23 12:39:24,560][INFO] - [FEATURE EXTRACTION] Batch [27/816] with 500 samples
[2024-12-23 12:39:51,114][INFO] - [FEATURE EXTRACTION] Batch [28/816] with 500 samples
[2024-12-23 12:40:17,806][INFO] - [FEATURE EXTRACTION] Batch [29/816] with 500 samples
[2024-12-23 12:40:44,384][INFO] - [FEATURE EXTRACTION] Batch [30/816] with 500 samples
[2024-12-23 12:41:11,023][INFO] - [FEATURE EXTRACTION] Batch [31/816] with 500 samples
[2024-12-23 12:41:37,560][INFO] - [FEATURE EXTRACTION] Batch [32/816] with 500 samples
[2024-12-23 12:42:04,203][INFO] - [FEATURE EXTRACTION] Batch [33/816] with 500 samples
[2024-12-23 12:42:30,739][INFO] - [FEATURE EXTRACTION] Batch [34/816] with 500 samples
[2024-12-23 12:42:57,401][INFO] - [FEATURE EXTRACTION] Batch [35/816] with 500 samples
[2024-12-23 12:43:23,962][INFO] - [FEATURE EXTRACTION] Batch [36/816] with 500 samples
[2024-12-23 12:43:50,643][INFO] - [FEATURE EXTRACTION] Batch [37/816] with 500 samples
[2024-12-23 12:44:17,194][INFO] - [FEATURE EXTRACTION] Batch [38/816] with 500 samples
[2024-12-23 12:44:43,839][INFO] - [FEATURE EXTRACTION] Batch [39/816] with 500 samples
[2024-12-23 12:45:10,391][INFO] - [FEATURE EXTRACTION] Batch [40/816] with 500 samples
[2024-12-23 12:45:42,122][INFO] - [REPORT] Saved features at batch 40
[2024-12-23 12:46:20,808][INFO] - [FEATURE EXTRACTION] Batch [41/816] with 500 samples
[2024-12-23 12:46:46,618][INFO] - [FEATURE EXTRACTION] Batch [42/816] with 500 samples
[2024-12-23 12:47:12,792][INFO] - [FEATURE EXTRACTION] Batch [43/816] with 500 samples
[2024-12-23 12:47:39,219][INFO] - [FEATURE EXTRACTION] Batch [44/816] with 500 samples
[2024-12-23 12:48:05,788][INFO] - [FEATURE EXTRACTION] Batch [45/816] with 500 samples
[2024-12-23 12:48:32,384][INFO] - [FEATURE EXTRACTION] Batch [46/816] with 500 samples
[2024-12-23 12:48:58,966][INFO] - [FEATURE EXTRACTION] Batch [47/816] with 500 samples
[2024-12-23 12:49:25,540][INFO] - [FEATURE EXTRACTION] Batch [48/816] with 500 samples
[2024-12-23 12:49:52,100][INFO] - [FEATURE EXTRACTION] Batch [49/816] with 500 samples
[2024-12-23 12:50:18,665][INFO] - [FEATURE EXTRACTION] Batch [50/816] with 500 samples
[2024-12-23 12:50:45,206][INFO] - [FEATURE EXTRACTION] Batch [51/816] with 500 samples
[2024-12-23 12:51:11,751][INFO] - [FEATURE EXTRACTION] Batch [52/816] with 500 samples
[2024-12-23 12:51:38,318][INFO] - [FEATURE EXTRACTION] Batch [53/816] with 500 samples
[2024-12-23 12:52:04,873][INFO] - [FEATURE EXTRACTION] Batch [54/816] with 500 samples
[2024-12-23 12:52:31,382][INFO] - [FEATURE EXTRACTION] Batch [55/816] with 500 samples
[2024-12-23 12:52:57,938][INFO] - [FEATURE EXTRACTION] Batch [56/816] with 500 samples
[2024-12-23 12:53:24,464][INFO] - [FEATURE EXTRACTION] Batch [57/816] with 500 samples
[2024-12-23 12:53:50,983][INFO] - [FEATURE EXTRACTION] Batch [58/816] with 500 samples
[2024-12-23 12:54:17,490][INFO] - [FEATURE EXTRACTION] Batch [59/816] with 500 samples
[2024-12-23 12:54:43,996][INFO] - [FEATURE EXTRACTION] Batch [60/816] with 500 samples
[2024-12-23 12:55:10,575][INFO] - [FEATURE EXTRACTION] Batch [61/816] with 500 samples
[2024-12-23 12:55:37,106][INFO] - [FEATURE EXTRACTION] Batch [62/816] with 500 samples
[2024-12-23 12:56:03,643][INFO] - [FEATURE EXTRACTION] Batch [63/816] with 500 samples
[2024-12-23 12:56:30,172][INFO] - [FEATURE EXTRACTION] Batch [64/816] with 500 samples
[2024-12-23 12:56:56,719][INFO] - [FEATURE EXTRACTION] Batch [65/816] with 500 samples
[2024-12-23 12:57:23,257][INFO] - [FEATURE EXTRACTION] Batch [66/816] with 500 samples
[2024-12-23 12:57:49,763][INFO] - [FEATURE EXTRACTION] Batch [67/816] with 500 samples
[2024-12-23 12:58:16,267][INFO] - [FEATURE EXTRACTION] Batch [68/816] with 500 samples
[2024-12-23 12:58:42,799][INFO] - [FEATURE EXTRACTION] Batch [69/816] with 500 samples
[2024-12-23 12:59:09,338][INFO] - [FEATURE EXTRACTION] Batch [70/816] with 500 samples
[2024-12-23 12:59:35,886][INFO] - [FEATURE EXTRACTION] Batch [71/816] with 500 samples
[2024-12-23 13:00:02,440][INFO] - [FEATURE EXTRACTION] Batch [72/816] with 500 samples
[2024-12-23 13:00:28,972][INFO] - [FEATURE EXTRACTION] Batch [73/816] with 500 samples
[2024-12-23 13:00:55,502][INFO] - [FEATURE EXTRACTION] Batch [74/816] with 500 samples
[2024-12-23 13:01:22,017][INFO] - [FEATURE EXTRACTION] Batch [75/816] with 500 samples
[2024-12-23 13:01:48,583][INFO] - [FEATURE EXTRACTION] Batch [76/816] with 500 samples
[2024-12-23 13:02:15,099][INFO] - [FEATURE EXTRACTION] Batch [77/816] with 500 samples
[2024-12-23 13:02:41,628][INFO] - [FEATURE EXTRACTION] Batch [78/816] with 500 samples
[2024-12-23 13:03:08,175][INFO] - [FEATURE EXTRACTION] Batch [79/816] with 500 samples
[2024-12-23 13:03:34,748][INFO] - [FEATURE EXTRACTION] Batch [80/816] with 500 samples
[2024-12-23 13:04:11,917][INFO] - [REPORT] Saved features at batch 80
[2024-12-23 13:04:50,790][INFO] - [FEATURE EXTRACTION] Batch [81/816] with 500 samples
[2024-12-23 13:05:16,536][INFO] - [FEATURE EXTRACTION] Batch [82/816] with 500 samples
[2024-12-23 13:05:42,706][INFO] - [FEATURE EXTRACTION] Batch [83/816] with 500 samples
[2024-12-23 13:06:09,116][INFO] - [FEATURE EXTRACTION] Batch [84/816] with 500 samples
[2024-12-23 13:06:35,680][INFO] - [FEATURE EXTRACTION] Batch [85/816] with 500 samples
[2024-12-23 13:07:02,265][INFO] - [FEATURE EXTRACTION] Batch [86/816] with 500 samples
[2024-12-23 13:07:28,859][INFO] - [FEATURE EXTRACTION] Batch [87/816] with 500 samples
[2024-12-23 13:07:55,475][INFO] - [FEATURE EXTRACTION] Batch [88/816] with 500 samples
[2024-12-23 13:08:22,081][INFO] - [FEATURE EXTRACTION] Batch [89/816] with 500 samples
[2024-12-23 13:08:48,667][INFO] - [FEATURE EXTRACTION] Batch [90/816] with 500 samples
[2024-12-23 13:09:15,247][INFO] - [FEATURE EXTRACTION] Batch [91/816] with 500 samples
[2024-12-23 13:09:41,804][INFO] - [FEATURE EXTRACTION] Batch [92/816] with 500 samples
[2024-12-23 13:10:08,338][INFO] - [FEATURE EXTRACTION] Batch [93/816] with 500 samples
[2024-12-23 13:10:34,892][INFO] - [FEATURE EXTRACTION] Batch [94/816] with 500 samples
[2024-12-23 13:11:01,410][INFO] - [FEATURE EXTRACTION] Batch [95/816] with 500 samples
[2024-12-23 13:11:27,920][INFO] - [FEATURE EXTRACTION] Batch [96/816] with 500 samples
[2024-12-23 13:11:54,418][INFO] - [FEATURE EXTRACTION] Batch [97/816] with 500 samples
[2024-12-23 13:12:20,961][INFO] - [FEATURE EXTRACTION] Batch [98/816] with 500 samples
[2024-12-23 13:12:47,551][INFO] - [FEATURE EXTRACTION] Batch [99/816] with 500 samples
[2024-12-23 13:13:14,151][INFO] - [FEATURE EXTRACTION] Batch [100/816] with 500 samples
[2024-12-23 13:13:40,767][INFO] - [FEATURE EXTRACTION] Batch [101/816] with 500 samples
[2024-12-23 13:14:07,346][INFO] - [FEATURE EXTRACTION] Batch [102/816] with 500 samples
[2024-12-23 13:14:33,884][INFO] - [FEATURE EXTRACTION] Batch [103/816] with 500 samples
[2024-12-23 13:15:00,451][INFO] - [FEATURE EXTRACTION] Batch [104/816] with 500 samples
[2024-12-23 13:15:26,968][INFO] - [FEATURE EXTRACTION] Batch [105/816] with 500 samples
[2024-12-23 13:15:53,487][INFO] - [FEATURE EXTRACTION] Batch [106/816] with 500 samples
[2024-12-23 13:16:20,025][INFO] - [FEATURE EXTRACTION] Batch [107/816] with 500 samples
[2024-12-23 13:16:46,592][INFO] - [FEATURE EXTRACTION] Batch [108/816] with 500 samples
[2024-12-23 13:17:13,150][INFO] - [FEATURE EXTRACTION] Batch [109/816] with 500 samples
[2024-12-23 13:17:39,716][INFO] - [FEATURE EXTRACTION] Batch [110/816] with 500 samples
[2024-12-23 13:18:06,241][INFO] - [FEATURE EXTRACTION] Batch [111/816] with 500 samples
[2024-12-23 13:18:32,751][INFO] - [FEATURE EXTRACTION] Batch [112/816] with 500 samples
[2024-12-23 13:18:59,265][INFO] - [FEATURE EXTRACTION] Batch [113/816] with 500 samples
[2024-12-23 13:19:25,784][INFO] - [FEATURE EXTRACTION] Batch [114/816] with 500 samples
[2024-12-23 13:19:52,317][INFO] - [FEATURE EXTRACTION] Batch [115/816] with 500 samples
[2024-12-23 13:20:18,830][INFO] - [FEATURE EXTRACTION] Batch [116/816] with 500 samples
[2024-12-23 13:20:45,384][INFO] - [FEATURE EXTRACTION] Batch [117/816] with 500 samples
[2024-12-23 13:21:11,940][INFO] - [FEATURE EXTRACTION] Batch [118/816] with 500 samples
[2024-12-23 13:21:38,504][INFO] - [FEATURE EXTRACTION] Batch [119/816] with 500 samples
[2024-12-23 13:22:05,028][INFO] - [FEATURE EXTRACTION] Batch [120/816] with 500 samples
[2024-12-23 13:22:47,501][INFO] - [REPORT] Saved features at batch 120
[2024-12-23 13:23:26,950][INFO] - [FEATURE EXTRACTION] Batch [121/816] with 500 samples
[2024-12-23 13:23:52,647][INFO] - [FEATURE EXTRACTION] Batch [122/816] with 500 samples
[2024-12-23 13:24:18,745][INFO] - [FEATURE EXTRACTION] Batch [123/816] with 500 samples
[2024-12-23 13:24:45,143][INFO] - [FEATURE EXTRACTION] Batch [124/816] with 500 samples
[2024-12-23 13:25:11,659][INFO] - [FEATURE EXTRACTION] Batch [125/816] with 500 samples
[2024-12-23 13:25:38,306][INFO] - [FEATURE EXTRACTION] Batch [126/816] with 500 samples
[2024-12-23 13:26:04,927][INFO] - [FEATURE EXTRACTION] Batch [127/816] with 500 samples
[2024-12-23 13:26:31,530][INFO] - [FEATURE EXTRACTION] Batch [128/816] with 500 samples
[2024-12-23 13:26:58,142][INFO] - [FEATURE EXTRACTION] Batch [129/816] with 500 samples
[2024-12-23 13:27:24,753][INFO] - [FEATURE EXTRACTION] Batch [130/816] with 500 samples
[2024-12-23 13:27:51,394][INFO] - [FEATURE EXTRACTION] Batch [131/816] with 500 samples
[2024-12-23 13:28:17,983][INFO] - [FEATURE EXTRACTION] Batch [132/816] with 500 samples
[2024-12-23 13:28:44,574][INFO] - [FEATURE EXTRACTION] Batch [133/816] with 500 samples
[2024-12-23 13:29:11,099][INFO] - [FEATURE EXTRACTION] Batch [134/816] with 500 samples
[2024-12-23 13:29:37,661][INFO] - [FEATURE EXTRACTION] Batch [135/816] with 500 samples
[2024-12-23 13:30:04,165][INFO] - [FEATURE EXTRACTION] Batch [136/816] with 500 samples
[2024-12-23 13:30:30,634][INFO] - [FEATURE EXTRACTION] Batch [137/816] with 500 samples
[2024-12-23 13:30:57,157][INFO] - [FEATURE EXTRACTION] Batch [138/816] with 500 samples
[2024-12-23 13:31:23,677][INFO] - [FEATURE EXTRACTION] Batch [139/816] with 500 samples
[2024-12-23 13:31:50,238][INFO] - [FEATURE EXTRACTION] Batch [140/816] with 500 samples
[2024-12-23 13:32:16,852][INFO] - [FEATURE EXTRACTION] Batch [141/816] with 500 samples
[2024-12-23 13:32:43,498][INFO] - [FEATURE EXTRACTION] Batch [142/816] with 500 samples
[2024-12-23 13:33:10,115][INFO] - [FEATURE EXTRACTION] Batch [143/816] with 500 samples
[2024-12-23 13:33:36,633][INFO] - [FEATURE EXTRACTION] Batch [144/816] with 500 samples
[2024-12-23 13:34:03,173][INFO] - [FEATURE EXTRACTION] Batch [145/816] with 500 samples
[2024-12-23 13:34:29,707][INFO] - [FEATURE EXTRACTION] Batch [146/816] with 500 samples
[2024-12-23 13:34:56,224][INFO] - [FEATURE EXTRACTION] Batch [147/816] with 500 samples
[2024-12-23 13:35:22,758][INFO] - [FEATURE EXTRACTION] Batch [148/816] with 500 samples
[2024-12-23 13:35:49,325][INFO] - [FEATURE EXTRACTION] Batch [149/816] with 500 samples
[2024-12-23 13:36:15,893][INFO] - [FEATURE EXTRACTION] Batch [150/816] with 500 samples
[2024-12-23 13:36:42,446][INFO] - [FEATURE EXTRACTION] Batch [151/816] with 500 samples
[2024-12-23 13:37:08,992][INFO] - [FEATURE EXTRACTION] Batch [152/816] with 500 samples
[2024-12-23 13:37:35,511][INFO] - [FEATURE EXTRACTION] Batch [153/816] with 500 samples
[2024-12-23 13:38:02,073][INFO] - [FEATURE EXTRACTION] Batch [154/816] with 500 samples
[2024-12-23 13:38:28,613][INFO] - [FEATURE EXTRACTION] Batch [155/816] with 500 samples
[2024-12-23 13:38:55,162][INFO] - [FEATURE EXTRACTION] Batch [156/816] with 500 samples
[2024-12-23 13:39:21,714][INFO] - [FEATURE EXTRACTION] Batch [157/816] with 500 samples
[2024-12-23 13:39:48,235][INFO] - [FEATURE EXTRACTION] Batch [158/816] with 500 samples
[2024-12-23 13:40:14,779][INFO] - [FEATURE EXTRACTION] Batch [159/816] with 500 samples
[2024-12-23 13:40:41,355][INFO] - [FEATURE EXTRACTION] Batch [160/816] with 500 samples
[2024-12-23 13:41:30,436][INFO] - [REPORT] Saved features at batch 160
[2024-12-23 13:42:09,452][INFO] - [FEATURE EXTRACTION] Batch [161/816] with 500 samples
[2024-12-23 13:42:35,124][INFO] - [FEATURE EXTRACTION] Batch [162/816] with 500 samples
[2024-12-23 13:43:01,212][INFO] - [FEATURE EXTRACTION] Batch [163/816] with 500 samples
[2024-12-23 13:43:27,571][INFO] - [FEATURE EXTRACTION] Batch [164/816] with 500 samples
[2024-12-23 13:43:54,099][INFO] - [FEATURE EXTRACTION] Batch [165/816] with 500 samples
[2024-12-23 13:44:20,682][INFO] - [FEATURE EXTRACTION] Batch [166/816] with 500 samples
[2024-12-23 13:44:47,316][INFO] - [FEATURE EXTRACTION] Batch [167/816] with 500 samples
[2024-12-23 13:45:13,972][INFO] - [FEATURE EXTRACTION] Batch [168/816] with 500 samples
[2024-12-23 13:45:40,594][INFO] - [FEATURE EXTRACTION] Batch [169/816] with 500 samples
[2024-12-23 13:46:07,159][INFO] - [FEATURE EXTRACTION] Batch [170/816] with 500 samples
[2024-12-23 13:46:33,734][INFO] - [FEATURE EXTRACTION] Batch [171/816] with 500 samples
[2024-12-23 13:47:00,301][INFO] - [FEATURE EXTRACTION] Batch [172/816] with 500 samples
[2024-12-23 13:47:26,814][INFO] - [FEATURE EXTRACTION] Batch [173/816] with 500 samples
[2024-12-23 13:47:53,328][INFO] - [FEATURE EXTRACTION] Batch [174/816] with 500 samples
[2024-12-23 13:48:19,866][INFO] - [FEATURE EXTRACTION] Batch [175/816] with 500 samples
[2024-12-23 13:48:46,420][INFO] - [FEATURE EXTRACTION] Batch [176/816] with 500 samples
[2024-12-23 13:49:12,959][INFO] - [FEATURE EXTRACTION] Batch [177/816] with 500 samples
[2024-12-23 13:49:39,481][INFO] - [FEATURE EXTRACTION] Batch [178/816] with 500 samples
[2024-12-23 13:50:06,019][INFO] - [FEATURE EXTRACTION] Batch [179/816] with 500 samples
[2024-12-23 13:50:32,558][INFO] - [FEATURE EXTRACTION] Batch [180/816] with 500 samples
[2024-12-23 13:50:59,075][INFO] - [FEATURE EXTRACTION] Batch [181/816] with 500 samples
[2024-12-23 13:51:25,609][INFO] - [FEATURE EXTRACTION] Batch [182/816] with 500 samples
[2024-12-23 13:51:52,148][INFO] - [FEATURE EXTRACTION] Batch [183/816] with 500 samples
[2024-12-23 13:52:18,739][INFO] - [FEATURE EXTRACTION] Batch [184/816] with 500 samples
[2024-12-23 13:52:45,334][INFO] - [FEATURE EXTRACTION] Batch [185/816] with 500 samples
[2024-12-23 13:53:11,908][INFO] - [FEATURE EXTRACTION] Batch [186/816] with 500 samples
[2024-12-23 13:53:38,431][INFO] - [FEATURE EXTRACTION] Batch [187/816] with 500 samples
[2024-12-23 13:54:04,954][INFO] - [FEATURE EXTRACTION] Batch [188/816] with 500 samples
[2024-12-23 13:54:31,462][INFO] - [FEATURE EXTRACTION] Batch [189/816] with 500 samples
[2024-12-23 13:54:57,953][INFO] - [FEATURE EXTRACTION] Batch [190/816] with 500 samples
[2024-12-23 13:55:24,479][INFO] - [FEATURE EXTRACTION] Batch [191/816] with 500 samples
[2024-12-23 13:55:51,007][INFO] - [FEATURE EXTRACTION] Batch [192/816] with 500 samples
[2024-12-23 13:56:17,564][INFO] - [FEATURE EXTRACTION] Batch [193/816] with 500 samples
[2024-12-23 13:56:44,145][INFO] - [FEATURE EXTRACTION] Batch [194/816] with 500 samples
[2024-12-23 13:57:10,697][INFO] - [FEATURE EXTRACTION] Batch [195/816] with 500 samples
[2024-12-23 13:57:37,226][INFO] - [FEATURE EXTRACTION] Batch [196/816] with 500 samples
[2024-12-23 13:58:03,762][INFO] - [FEATURE EXTRACTION] Batch [197/816] with 500 samples
[2024-12-23 13:58:30,290][INFO] - [FEATURE EXTRACTION] Batch [198/816] with 500 samples
[2024-12-23 13:58:56,794][INFO] - [FEATURE EXTRACTION] Batch [199/816] with 500 samples
[2024-12-23 13:59:23,312][INFO] - [FEATURE EXTRACTION] Batch [200/816] with 500 samples
[2024-12-23 14:00:17,351][INFO] - [REPORT] Saved features at batch 200
[2024-12-23 14:00:56,010][INFO] - [FEATURE EXTRACTION] Batch [201/816] with 500 samples
[2024-12-23 14:01:21,669][INFO] - [FEATURE EXTRACTION] Batch [202/816] with 500 samples
[2024-12-23 14:01:47,733][INFO] - [FEATURE EXTRACTION] Batch [203/816] with 500 samples
[2024-12-23 14:02:14,124][INFO] - [FEATURE EXTRACTION] Batch [204/816] with 500 samples
[2024-12-23 14:02:40,633][INFO] - [FEATURE EXTRACTION] Batch [205/816] with 500 samples
[2024-12-23 14:03:07,211][INFO] - [FEATURE EXTRACTION] Batch [206/816] with 500 samples
[2024-12-23 14:03:33,832][INFO] - [FEATURE EXTRACTION] Batch [207/816] with 500 samples
[2024-12-23 14:04:00,470][INFO] - [FEATURE EXTRACTION] Batch [208/816] with 500 samples
[2024-12-23 14:04:27,047][INFO] - [FEATURE EXTRACTION] Batch [209/816] with 500 samples
[2024-12-23 14:04:53,612][INFO] - [FEATURE EXTRACTION] Batch [210/816] with 500 samples
[2024-12-23 14:05:20,129][INFO] - [FEATURE EXTRACTION] Batch [211/816] with 500 samples
[2024-12-23 14:05:46,672][INFO] - [FEATURE EXTRACTION] Batch [212/816] with 500 samples
[2024-12-23 14:06:13,159][INFO] - [FEATURE EXTRACTION] Batch [213/816] with 500 samples
[2024-12-23 14:06:39,631][INFO] - [FEATURE EXTRACTION] Batch [214/816] with 500 samples
[2024-12-23 14:07:06,159][INFO] - [FEATURE EXTRACTION] Batch [215/816] with 500 samples
[2024-12-23 14:07:32,703][INFO] - [FEATURE EXTRACTION] Batch [216/816] with 500 samples
[2024-12-23 14:07:59,244][INFO] - [FEATURE EXTRACTION] Batch [217/816] with 500 samples
[2024-12-23 14:08:25,786][INFO] - [FEATURE EXTRACTION] Batch [218/816] with 500 samples
[2024-12-23 14:08:52,333][INFO] - [FEATURE EXTRACTION] Batch [219/816] with 500 samples
[2024-12-23 14:09:18,836][INFO] - [FEATURE EXTRACTION] Batch [220/816] with 500 samples
[2024-12-23 14:09:45,321][INFO] - [FEATURE EXTRACTION] Batch [221/816] with 500 samples
[2024-12-23 14:10:11,832][INFO] - [FEATURE EXTRACTION] Batch [222/816] with 500 samples
[2024-12-23 14:10:38,359][INFO] - [FEATURE EXTRACTION] Batch [223/816] with 500 samples
[2024-12-23 14:11:04,881][INFO] - [FEATURE EXTRACTION] Batch [224/816] with 500 samples
[2024-12-23 14:11:31,375][INFO] - [FEATURE EXTRACTION] Batch [225/816] with 500 samples
[2024-12-23 14:11:57,849][INFO] - [FEATURE EXTRACTION] Batch [226/816] with 500 samples
[2024-12-23 14:12:24,388][INFO] - [FEATURE EXTRACTION] Batch [227/816] with 500 samples
[2024-12-23 14:12:50,933][INFO] - [FEATURE EXTRACTION] Batch [228/816] with 500 samples
[2024-12-23 14:13:17,556][INFO] - [FEATURE EXTRACTION] Batch [229/816] with 500 samples
[2024-12-23 14:13:44,170][INFO] - [FEATURE EXTRACTION] Batch [230/816] with 500 samples
[2024-12-23 14:14:10,721][INFO] - [FEATURE EXTRACTION] Batch [231/816] with 500 samples
[2024-12-23 14:14:37,251][INFO] - [FEATURE EXTRACTION] Batch [232/816] with 500 samples
[2024-12-23 14:15:03,717][INFO] - [FEATURE EXTRACTION] Batch [233/816] with 500 samples
[2024-12-23 14:15:30,186][INFO] - [FEATURE EXTRACTION] Batch [234/816] with 500 samples
[2024-12-23 14:15:56,657][INFO] - [FEATURE EXTRACTION] Batch [235/816] with 500 samples
[2024-12-23 14:16:23,163][INFO] - [FEATURE EXTRACTION] Batch [236/816] with 500 samples
[2024-12-23 14:16:49,703][INFO] - [FEATURE EXTRACTION] Batch [237/816] with 500 samples
[2024-12-23 14:17:16,216][INFO] - [FEATURE EXTRACTION] Batch [238/816] with 500 samples
[2024-12-23 14:17:42,733][INFO] - [FEATURE EXTRACTION] Batch [239/816] with 500 samples
[2024-12-23 14:18:09,237][INFO] - [FEATURE EXTRACTION] Batch [240/816] with 500 samples
[2024-12-23 14:19:11,822][INFO] - [REPORT] Saved features at batch 240
[2024-12-23 14:19:51,069][INFO] - [FEATURE EXTRACTION] Batch [241/816] with 500 samples
[2024-12-23 14:20:16,648][INFO] - [FEATURE EXTRACTION] Batch [242/816] with 500 samples
[2024-12-23 14:20:42,630][INFO] - [FEATURE EXTRACTION] Batch [243/816] with 500 samples
[2024-12-23 14:21:08,978][INFO] - [FEATURE EXTRACTION] Batch [244/816] with 500 samples
[2024-12-23 14:21:35,517][INFO] - [FEATURE EXTRACTION] Batch [245/816] with 500 samples
[2024-12-23 14:22:02,078][INFO] - [FEATURE EXTRACTION] Batch [246/816] with 500 samples
[2024-12-23 14:22:28,724][INFO] - [FEATURE EXTRACTION] Batch [247/816] with 500 samples
[2024-12-23 14:22:55,358][INFO] - [FEATURE EXTRACTION] Batch [248/816] with 500 samples
[2024-12-23 14:23:21,954][INFO] - [FEATURE EXTRACTION] Batch [249/816] with 500 samples
[2024-12-23 14:23:48,572][INFO] - [FEATURE EXTRACTION] Batch [250/816] with 500 samples
[2024-12-23 14:24:15,150][INFO] - [FEATURE EXTRACTION] Batch [251/816] with 500 samples
[2024-12-23 14:24:41,708][INFO] - [FEATURE EXTRACTION] Batch [252/816] with 500 samples
[2024-12-23 14:25:08,233][INFO] - [FEATURE EXTRACTION] Batch [253/816] with 500 samples
[2024-12-23 14:25:34,732][INFO] - [FEATURE EXTRACTION] Batch [254/816] with 500 samples
[2024-12-23 14:26:01,218][INFO] - [FEATURE EXTRACTION] Batch [255/816] with 500 samples
[2024-12-23 14:26:27,713][INFO] - [FEATURE EXTRACTION] Batch [256/816] with 500 samples
[2024-12-23 14:26:54,203][INFO] - [FEATURE EXTRACTION] Batch [257/816] with 500 samples
[2024-12-23 14:27:20,685][INFO] - [FEATURE EXTRACTION] Batch [258/816] with 500 samples
[2024-12-23 14:27:47,170][INFO] - [FEATURE EXTRACTION] Batch [259/816] with 500 samples
[2024-12-23 14:28:13,683][INFO] - [FEATURE EXTRACTION] Batch [260/816] with 500 samples
[2024-12-23 14:28:40,221][INFO] - [FEATURE EXTRACTION] Batch [261/816] with 500 samples
[2024-12-23 14:29:06,732][INFO] - [FEATURE EXTRACTION] Batch [262/816] with 500 samples
[2024-12-23 14:29:33,225][INFO] - [FEATURE EXTRACTION] Batch [263/816] with 500 samples
[2024-12-23 14:29:59,733][INFO] - [FEATURE EXTRACTION] Batch [264/816] with 500 samples
[2024-12-23 14:30:26,232][INFO] - [FEATURE EXTRACTION] Batch [265/816] with 500 samples
[2024-12-23 14:30:52,724][INFO] - [FEATURE EXTRACTION] Batch [266/816] with 500 samples
[2024-12-23 14:31:19,263][INFO] - [FEATURE EXTRACTION] Batch [267/816] with 500 samples
[2024-12-23 14:31:45,774][INFO] - [FEATURE EXTRACTION] Batch [268/816] with 500 samples
[2024-12-23 14:32:12,330][INFO] - [FEATURE EXTRACTION] Batch [269/816] with 500 samples
[2024-12-23 14:32:38,857][INFO] - [FEATURE EXTRACTION] Batch [270/816] with 500 samples
[2024-12-23 14:33:05,407][INFO] - [FEATURE EXTRACTION] Batch [271/816] with 500 samples
[2024-12-23 14:33:31,967][INFO] - [FEATURE EXTRACTION] Batch [272/816] with 500 samples
[2024-12-23 14:33:58,550][INFO] - [FEATURE EXTRACTION] Batch [273/816] with 500 samples
[2024-12-23 14:34:25,126][INFO] - [FEATURE EXTRACTION] Batch [274/816] with 500 samples
[2024-12-23 14:34:51,621][INFO] - [FEATURE EXTRACTION] Batch [275/816] with 500 samples
[2024-12-23 14:35:18,166][INFO] - [FEATURE EXTRACTION] Batch [276/816] with 500 samples
[2024-12-23 14:35:44,713][INFO] - [FEATURE EXTRACTION] Batch [277/816] with 500 samples
[2024-12-23 14:36:11,219][INFO] - [FEATURE EXTRACTION] Batch [278/816] with 500 samples
[2024-12-23 14:36:37,751][INFO] - [FEATURE EXTRACTION] Batch [279/816] with 500 samples
[2024-12-23 14:37:04,266][INFO] - [FEATURE EXTRACTION] Batch [280/816] with 500 samples
[2024-12-23 14:38:19,612][INFO] - [REPORT] Saved features at batch 280
[2024-12-23 14:38:59,084][INFO] - [FEATURE EXTRACTION] Batch [281/816] with 500 samples
[2024-12-23 14:39:24,637][INFO] - [FEATURE EXTRACTION] Batch [282/816] with 500 samples
[2024-12-23 14:39:50,616][INFO] - [FEATURE EXTRACTION] Batch [283/816] with 500 samples
[2024-12-23 14:40:16,912][INFO] - [FEATURE EXTRACTION] Batch [284/816] with 500 samples
[2024-12-23 14:40:43,356][INFO] - [FEATURE EXTRACTION] Batch [285/816] with 500 samples
[2024-12-23 14:41:09,871][INFO] - [FEATURE EXTRACTION] Batch [286/816] with 500 samples
[2024-12-23 14:41:36,441][INFO] - [FEATURE EXTRACTION] Batch [287/816] with 500 samples
[2024-12-23 14:42:03,055][INFO] - [FEATURE EXTRACTION] Batch [288/816] with 500 samples
[2024-12-23 14:42:29,702][INFO] - [FEATURE EXTRACTION] Batch [289/816] with 500 samples
[2024-12-23 14:42:56,346][INFO] - [FEATURE EXTRACTION] Batch [290/816] with 500 samples
[2024-12-23 14:43:22,975][INFO] - [FEATURE EXTRACTION] Batch [291/816] with 500 samples
[2024-12-23 14:43:49,565][INFO] - [FEATURE EXTRACTION] Batch [292/816] with 500 samples
[2024-12-23 14:44:16,110][INFO] - [FEATURE EXTRACTION] Batch [293/816] with 500 samples
[2024-12-23 14:44:42,658][INFO] - [FEATURE EXTRACTION] Batch [294/816] with 500 samples
[2024-12-23 14:45:09,207][INFO] - [FEATURE EXTRACTION] Batch [295/816] with 500 samples
[2024-12-23 14:45:35,740][INFO] - [FEATURE EXTRACTION] Batch [296/816] with 500 samples
[2024-12-23 14:46:02,271][INFO] - [FEATURE EXTRACTION] Batch [297/816] with 500 samples
[2024-12-23 14:46:28,767][INFO] - [FEATURE EXTRACTION] Batch [298/816] with 500 samples
[2024-12-23 14:46:55,267][INFO] - [FEATURE EXTRACTION] Batch [299/816] with 500 samples
[2024-12-23 14:47:21,804][INFO] - [FEATURE EXTRACTION] Batch [300/816] with 500 samples
[2024-12-23 14:47:48,386][INFO] - [FEATURE EXTRACTION] Batch [301/816] with 500 samples
[2024-12-23 14:48:14,960][INFO] - [FEATURE EXTRACTION] Batch [302/816] with 500 samples
[2024-12-23 14:48:41,539][INFO] - [FEATURE EXTRACTION] Batch [303/816] with 500 samples
[2024-12-23 14:49:08,114][INFO] - [FEATURE EXTRACTION] Batch [304/816] with 500 samples
[2024-12-23 14:49:34,676][INFO] - [FEATURE EXTRACTION] Batch [305/816] with 500 samples
[2024-12-23 14:50:01,231][INFO] - [FEATURE EXTRACTION] Batch [306/816] with 500 samples
[2024-12-23 14:50:27,796][INFO] - [FEATURE EXTRACTION] Batch [307/816] with 500 samples
[2024-12-23 14:50:54,321][INFO] - [FEATURE EXTRACTION] Batch [308/816] with 500 samples
[2024-12-23 14:51:20,806][INFO] - [FEATURE EXTRACTION] Batch [309/816] with 500 samples
[2024-12-23 14:51:47,319][INFO] - [FEATURE EXTRACTION] Batch [310/816] with 500 samples
[2024-12-23 14:52:13,875][INFO] - [FEATURE EXTRACTION] Batch [311/816] with 500 samples
[2024-12-23 14:52:40,463][INFO] - [FEATURE EXTRACTION] Batch [312/816] with 500 samples
[2024-12-23 14:53:07,071][INFO] - [FEATURE EXTRACTION] Batch [313/816] with 500 samples
[2024-12-23 14:53:33,630][INFO] - [FEATURE EXTRACTION] Batch [314/816] with 500 samples
[2024-12-23 14:54:00,129][INFO] - [FEATURE EXTRACTION] Batch [315/816] with 500 samples
[2024-12-23 14:54:26,675][INFO] - [FEATURE EXTRACTION] Batch [316/816] with 500 samples
[2024-12-23 14:54:53,260][INFO] - [FEATURE EXTRACTION] Batch [317/816] with 500 samples
[2024-12-23 14:55:19,852][INFO] - [FEATURE EXTRACTION] Batch [318/816] with 500 samples
[2024-12-23 14:55:46,416][INFO] - [FEATURE EXTRACTION] Batch [319/816] with 500 samples
[2024-12-23 14:56:12,932][INFO] - [FEATURE EXTRACTION] Batch [320/816] with 500 samples
[2024-12-23 14:57:34,451][INFO] - [REPORT] Saved features at batch 320
[2024-12-23 14:58:13,693][INFO] - [FEATURE EXTRACTION] Batch [321/816] with 500 samples
[2024-12-23 14:58:39,194][INFO] - [FEATURE EXTRACTION] Batch [322/816] with 500 samples
[2024-12-23 14:59:05,156][INFO] - [FEATURE EXTRACTION] Batch [323/816] with 500 samples
[2024-12-23 14:59:31,487][INFO] - [FEATURE EXTRACTION] Batch [324/816] with 500 samples
[2024-12-23 14:59:57,967][INFO] - [FEATURE EXTRACTION] Batch [325/816] with 500 samples
[2024-12-23 15:00:24,518][INFO] - [FEATURE EXTRACTION] Batch [326/816] with 500 samples
[2024-12-23 15:00:51,072][INFO] - [FEATURE EXTRACTION] Batch [327/816] with 500 samples
[2024-12-23 15:01:17,663][INFO] - [FEATURE EXTRACTION] Batch [328/816] with 500 samples
[2024-12-23 15:01:44,250][INFO] - [FEATURE EXTRACTION] Batch [329/816] with 500 samples
[2024-12-23 15:02:10,824][INFO] - [FEATURE EXTRACTION] Batch [330/816] with 500 samples
[2024-12-23 15:02:37,397][INFO] - [FEATURE EXTRACTION] Batch [331/816] with 500 samples
[2024-12-23 15:03:03,994][INFO] - [FEATURE EXTRACTION] Batch [332/816] with 500 samples
[2024-12-23 15:03:30,581][INFO] - [FEATURE EXTRACTION] Batch [333/816] with 500 samples
[2024-12-23 15:03:57,176][INFO] - [FEATURE EXTRACTION] Batch [334/816] with 500 samples
[2024-12-23 15:04:23,734][INFO] - [FEATURE EXTRACTION] Batch [335/816] with 500 samples
[2024-12-23 15:04:50,226][INFO] - [FEATURE EXTRACTION] Batch [336/816] with 500 samples
[2024-12-23 15:05:16,708][INFO] - [FEATURE EXTRACTION] Batch [337/816] with 500 samples
[2024-12-23 15:05:43,203][INFO] - [FEATURE EXTRACTION] Batch [338/816] with 500 samples
[2024-12-23 15:06:09,680][INFO] - [FEATURE EXTRACTION] Batch [339/816] with 500 samples
[2024-12-23 15:06:36,198][INFO] - [FEATURE EXTRACTION] Batch [340/816] with 500 samples
[2024-12-23 15:07:02,734][INFO] - [FEATURE EXTRACTION] Batch [341/816] with 500 samples
[2024-12-23 15:07:29,270][INFO] - [FEATURE EXTRACTION] Batch [342/816] with 500 samples
[2024-12-23 15:07:55,834][INFO] - [FEATURE EXTRACTION] Batch [343/816] with 500 samples
[2024-12-23 15:08:22,351][INFO] - [FEATURE EXTRACTION] Batch [344/816] with 500 samples
[2024-12-23 15:08:48,860][INFO] - [FEATURE EXTRACTION] Batch [345/816] with 500 samples
[2024-12-23 15:09:15,336][INFO] - [FEATURE EXTRACTION] Batch [346/816] with 500 samples
[2024-12-23 15:09:41,856][INFO] - [FEATURE EXTRACTION] Batch [347/816] with 500 samples
[2024-12-23 15:10:08,373][INFO] - [FEATURE EXTRACTION] Batch [348/816] with 500 samples
[2024-12-23 15:10:34,887][INFO] - [FEATURE EXTRACTION] Batch [349/816] with 500 samples
[2024-12-23 15:11:01,421][INFO] - [FEATURE EXTRACTION] Batch [350/816] with 500 samples
[2024-12-23 15:11:27,924][INFO] - [FEATURE EXTRACTION] Batch [351/816] with 500 samples
[2024-12-23 15:11:54,429][INFO] - [FEATURE EXTRACTION] Batch [352/816] with 500 samples
[2024-12-23 15:12:20,986][INFO] - [FEATURE EXTRACTION] Batch [353/816] with 500 samples
[2024-12-23 15:12:47,569][INFO] - [FEATURE EXTRACTION] Batch [354/816] with 500 samples
[2024-12-23 15:13:14,079][INFO] - [FEATURE EXTRACTION] Batch [355/816] with 500 samples
[2024-12-23 15:13:40,601][INFO] - [FEATURE EXTRACTION] Batch [356/816] with 500 samples
[2024-12-23 15:14:07,141][INFO] - [FEATURE EXTRACTION] Batch [357/816] with 500 samples
[2024-12-23 15:14:33,668][INFO] - [FEATURE EXTRACTION] Batch [358/816] with 500 samples
[2024-12-23 15:15:00,189][INFO] - [FEATURE EXTRACTION] Batch [359/816] with 500 samples
[2024-12-23 15:15:26,733][INFO] - [FEATURE EXTRACTION] Batch [360/816] with 500 samples
[2024-12-23 15:16:50,357][INFO] - [REPORT] Saved features at batch 360
[2024-12-23 15:17:29,332][INFO] - [FEATURE EXTRACTION] Batch [361/816] with 500 samples
[2024-12-23 15:17:54,857][INFO] - [FEATURE EXTRACTION] Batch [362/816] with 500 samples
[2024-12-23 15:18:20,750][INFO] - [FEATURE EXTRACTION] Batch [363/816] with 500 samples
[2024-12-23 15:18:47,023][INFO] - [FEATURE EXTRACTION] Batch [364/816] with 500 samples
[2024-12-23 15:19:13,434][INFO] - [FEATURE EXTRACTION] Batch [365/816] with 500 samples
[2024-12-23 15:19:39,928][INFO] - [FEATURE EXTRACTION] Batch [366/816] with 500 samples
[2024-12-23 15:20:06,444][INFO] - [FEATURE EXTRACTION] Batch [367/816] with 500 samples
[2024-12-23 15:20:32,959][INFO] - [FEATURE EXTRACTION] Batch [368/816] with 500 samples
[2024-12-23 15:20:59,478][INFO] - [FEATURE EXTRACTION] Batch [369/816] with 500 samples
[2024-12-23 15:21:26,018][INFO] - [FEATURE EXTRACTION] Batch [370/816] with 500 samples
[2024-12-23 15:21:52,593][INFO] - [FEATURE EXTRACTION] Batch [371/816] with 500 samples
[2024-12-23 15:22:19,161][INFO] - [FEATURE EXTRACTION] Batch [372/816] with 500 samples
[2024-12-23 15:22:45,717][INFO] - [FEATURE EXTRACTION] Batch [373/816] with 500 samples
[2024-12-23 15:23:12,273][INFO] - [FEATURE EXTRACTION] Batch [374/816] with 500 samples
[2024-12-23 15:23:38,840][INFO] - [FEATURE EXTRACTION] Batch [375/816] with 500 samples
[2024-12-23 15:24:05,389][INFO] - [FEATURE EXTRACTION] Batch [376/816] with 500 samples
[2024-12-23 15:24:31,986][INFO] - [FEATURE EXTRACTION] Batch [377/816] with 500 samples
[2024-12-23 15:24:58,577][INFO] - [FEATURE EXTRACTION] Batch [378/816] with 500 samples
[2024-12-23 15:25:25,112][INFO] - [FEATURE EXTRACTION] Batch [379/816] with 500 samples
[2024-12-23 15:25:51,638][INFO] - [FEATURE EXTRACTION] Batch [380/816] with 500 samples
[2024-12-23 15:26:18,187][INFO] - [FEATURE EXTRACTION] Batch [381/816] with 500 samples
[2024-12-23 15:26:44,714][INFO] - [FEATURE EXTRACTION] Batch [382/816] with 500 samples
[2024-12-23 15:27:11,248][INFO] - [FEATURE EXTRACTION] Batch [383/816] with 500 samples
[2024-12-23 15:27:37,777][INFO] - [FEATURE EXTRACTION] Batch [384/816] with 500 samples
[2024-12-23 15:28:04,322][INFO] - [FEATURE EXTRACTION] Batch [385/816] with 500 samples
[2024-12-23 15:28:30,853][INFO] - [FEATURE EXTRACTION] Batch [386/816] with 500 samples
[2024-12-23 15:28:57,391][INFO] - [FEATURE EXTRACTION] Batch [387/816] with 500 samples
[2024-12-23 15:29:23,901][INFO] - [FEATURE EXTRACTION] Batch [388/816] with 500 samples
[2024-12-23 15:29:50,390][INFO] - [FEATURE EXTRACTION] Batch [389/816] with 500 samples
[2024-12-23 15:30:16,871][INFO] - [FEATURE EXTRACTION] Batch [390/816] with 500 samples
[2024-12-23 15:30:43,350][INFO] - [FEATURE EXTRACTION] Batch [391/816] with 500 samples
[2024-12-23 15:31:09,864][INFO] - [FEATURE EXTRACTION] Batch [392/816] with 500 samples
[2024-12-23 15:31:36,382][INFO] - [FEATURE EXTRACTION] Batch [393/816] with 500 samples
[2024-12-23 15:32:02,905][INFO] - [FEATURE EXTRACTION] Batch [394/816] with 500 samples
[2024-12-23 15:32:29,425][INFO] - [FEATURE EXTRACTION] Batch [395/816] with 500 samples
[2024-12-23 15:32:55,955][INFO] - [FEATURE EXTRACTION] Batch [396/816] with 500 samples
[2024-12-23 15:33:22,496][INFO] - [FEATURE EXTRACTION] Batch [397/816] with 500 samples
[2024-12-23 15:33:49,052][INFO] - [FEATURE EXTRACTION] Batch [398/816] with 500 samples
[2024-12-23 15:34:15,605][INFO] - [FEATURE EXTRACTION] Batch [399/816] with 500 samples
[2024-12-23 15:34:42,147][INFO] - [FEATURE EXTRACTION] Batch [400/816] with 500 samples
[2024-12-23 15:36:06,460][INFO] - [REPORT] Saved features at batch 400
[2024-12-23 15:36:45,620][INFO] - [FEATURE EXTRACTION] Batch [401/816] with 500 samples
[2024-12-23 15:37:11,148][INFO] - [FEATURE EXTRACTION] Batch [402/816] with 500 samples
[2024-12-23 15:37:37,075][INFO] - [FEATURE EXTRACTION] Batch [403/816] with 500 samples
[2024-12-23 15:38:03,335][INFO] - [FEATURE EXTRACTION] Batch [404/816] with 500 samples
[2024-12-23 15:38:29,797][INFO] - [FEATURE EXTRACTION] Batch [405/816] with 500 samples
[2024-12-23 15:38:56,295][INFO] - [FEATURE EXTRACTION] Batch [406/816] with 500 samples
[2024-12-23 15:39:22,833][INFO] - [FEATURE EXTRACTION] Batch [407/816] with 500 samples
[2024-12-23 15:39:49,377][INFO] - [FEATURE EXTRACTION] Batch [408/816] with 500 samples
[2024-12-23 15:40:15,971][INFO] - [FEATURE EXTRACTION] Batch [409/816] with 500 samples
[2024-12-23 15:40:42,558][INFO] - [FEATURE EXTRACTION] Batch [410/816] with 500 samples
[2024-12-23 15:41:09,148][INFO] - [FEATURE EXTRACTION] Batch [411/816] with 500 samples
[2024-12-23 15:41:35,731][INFO] - [FEATURE EXTRACTION] Batch [412/816] with 500 samples
[2024-12-23 15:42:02,343][INFO] - [FEATURE EXTRACTION] Batch [413/816] with 500 samples
[2024-12-23 15:42:28,936][INFO] - [FEATURE EXTRACTION] Batch [414/816] with 500 samples
[2024-12-23 15:42:55,492][INFO] - [FEATURE EXTRACTION] Batch [415/816] with 500 samples
[2024-12-23 15:43:22,052][INFO] - [FEATURE EXTRACTION] Batch [416/816] with 500 samples
[2024-12-23 15:43:48,565][INFO] - [FEATURE EXTRACTION] Batch [417/816] with 500 samples
[2024-12-23 15:44:15,067][INFO] - [FEATURE EXTRACTION] Batch [418/816] with 500 samples
[2024-12-23 15:44:41,552][INFO] - [FEATURE EXTRACTION] Batch [419/816] with 500 samples
[2024-12-23 15:45:08,025][INFO] - [FEATURE EXTRACTION] Batch [420/816] with 500 samples
[2024-12-23 15:45:34,544][INFO] - [FEATURE EXTRACTION] Batch [421/816] with 500 samples
[2024-12-23 15:46:01,041][INFO] - [FEATURE EXTRACTION] Batch [422/816] with 500 samples
[2024-12-23 15:46:27,543][INFO] - [FEATURE EXTRACTION] Batch [423/816] with 500 samples
[2024-12-23 15:46:54,085][INFO] - [FEATURE EXTRACTION] Batch [424/816] with 500 samples
[2024-12-23 15:47:20,608][INFO] - [FEATURE EXTRACTION] Batch [425/816] with 500 samples
[2024-12-23 15:47:47,093][INFO] - [FEATURE EXTRACTION] Batch [426/816] with 500 samples
[2024-12-23 15:48:13,579][INFO] - [FEATURE EXTRACTION] Batch [427/816] with 500 samples
[2024-12-23 15:48:40,074][INFO] - [FEATURE EXTRACTION] Batch [428/816] with 500 samples
[2024-12-23 15:49:06,571][INFO] - [FEATURE EXTRACTION] Batch [429/816] with 500 samples
[2024-12-23 15:49:33,147][INFO] - [FEATURE EXTRACTION] Batch [430/816] with 500 samples
[2024-12-23 15:49:59,676][INFO] - [FEATURE EXTRACTION] Batch [431/816] with 500 samples
[2024-12-23 15:50:26,167][INFO] - [FEATURE EXTRACTION] Batch [432/816] with 500 samples
[2024-12-23 15:50:52,674][INFO] - [FEATURE EXTRACTION] Batch [433/816] with 500 samples
[2024-12-23 15:51:19,226][INFO] - [FEATURE EXTRACTION] Batch [434/816] with 500 samples
[2024-12-23 15:51:45,734][INFO] - [FEATURE EXTRACTION] Batch [435/816] with 500 samples
[2024-12-23 15:52:12,272][INFO] - [FEATURE EXTRACTION] Batch [436/816] with 500 samples
[2024-12-23 15:52:38,822][INFO] - [FEATURE EXTRACTION] Batch [437/816] with 500 samples
[2024-12-23 15:53:05,378][INFO] - [FEATURE EXTRACTION] Batch [438/816] with 500 samples
[2024-12-23 15:53:31,949][INFO] - [FEATURE EXTRACTION] Batch [439/816] with 500 samples
[2024-12-23 15:53:58,475][INFO] - [FEATURE EXTRACTION] Batch [440/816] with 500 samples
[2024-12-23 15:55:34,953][INFO] - [REPORT] Saved features at batch 440
[2024-12-23 15:56:13,746][INFO] - [FEATURE EXTRACTION] Batch [441/816] with 500 samples
[2024-12-23 15:56:39,242][INFO] - [FEATURE EXTRACTION] Batch [442/816] with 500 samples
[2024-12-23 15:57:05,182][INFO] - [FEATURE EXTRACTION] Batch [443/816] with 500 samples
[2024-12-23 15:57:31,506][INFO] - [FEATURE EXTRACTION] Batch [444/816] with 500 samples
[2024-12-23 15:57:57,983][INFO] - [FEATURE EXTRACTION] Batch [445/816] with 500 samples
[2024-12-23 15:58:24,553][INFO] - [FEATURE EXTRACTION] Batch [446/816] with 500 samples
[2024-12-23 15:58:51,088][INFO] - [FEATURE EXTRACTION] Batch [447/816] with 500 samples
[2024-12-23 15:59:17,657][INFO] - [FEATURE EXTRACTION] Batch [448/816] with 500 samples
[2024-12-23 15:59:44,223][INFO] - [FEATURE EXTRACTION] Batch [449/816] with 500 samples
[2024-12-23 16:00:10,807][INFO] - [FEATURE EXTRACTION] Batch [450/816] with 500 samples
[2024-12-23 16:00:37,405][INFO] - [FEATURE EXTRACTION] Batch [451/816] with 500 samples
[2024-12-23 16:01:04,005][INFO] - [FEATURE EXTRACTION] Batch [452/816] with 500 samples
[2024-12-23 16:01:30,515][INFO] - [FEATURE EXTRACTION] Batch [453/816] with 500 samples
[2024-12-23 16:01:57,015][INFO] - [FEATURE EXTRACTION] Batch [454/816] with 500 samples
[2024-12-23 16:02:23,544][INFO] - [FEATURE EXTRACTION] Batch [455/816] with 500 samples
[2024-12-23 16:02:50,041][INFO] - [FEATURE EXTRACTION] Batch [456/816] with 500 samples
[2024-12-23 16:03:16,542][INFO] - [FEATURE EXTRACTION] Batch [457/816] with 500 samples
[2024-12-23 16:03:43,086][INFO] - [FEATURE EXTRACTION] Batch [458/816] with 500 samples
[2024-12-23 16:04:09,664][INFO] - [FEATURE EXTRACTION] Batch [459/816] with 500 samples
[2024-12-23 16:04:36,259][INFO] - [FEATURE EXTRACTION] Batch [460/816] with 500 samples
[2024-12-23 16:05:02,806][INFO] - [FEATURE EXTRACTION] Batch [461/816] with 500 samples
[2024-12-23 16:05:29,314][INFO] - [FEATURE EXTRACTION] Batch [462/816] with 500 samples
[2024-12-23 16:05:55,805][INFO] - [FEATURE EXTRACTION] Batch [463/816] with 500 samples
[2024-12-23 16:06:22,316][INFO] - [FEATURE EXTRACTION] Batch [464/816] with 500 samples
[2024-12-23 16:06:48,851][INFO] - [FEATURE EXTRACTION] Batch [465/816] with 500 samples
[2024-12-23 16:07:15,398][INFO] - [FEATURE EXTRACTION] Batch [466/816] with 500 samples
[2024-12-23 16:07:41,953][INFO] - [FEATURE EXTRACTION] Batch [467/816] with 500 samples
[2024-12-23 16:08:08,512][INFO] - [FEATURE EXTRACTION] Batch [468/816] with 500 samples
[2024-12-23 16:08:35,043][INFO] - [FEATURE EXTRACTION] Batch [469/816] with 500 samples
[2024-12-23 16:09:01,583][INFO] - [FEATURE EXTRACTION] Batch [470/816] with 500 samples
[2024-12-23 16:09:28,078][INFO] - [FEATURE EXTRACTION] Batch [471/816] with 500 samples
[2024-12-23 16:09:54,606][INFO] - [FEATURE EXTRACTION] Batch [472/816] with 500 samples
[2024-12-23 16:10:21,084][INFO] - [FEATURE EXTRACTION] Batch [473/816] with 500 samples
[2024-12-23 16:10:47,601][INFO] - [FEATURE EXTRACTION] Batch [474/816] with 500 samples
[2024-12-23 16:11:14,074][INFO] - [FEATURE EXTRACTION] Batch [475/816] with 500 samples
[2024-12-23 16:11:40,571][INFO] - [FEATURE EXTRACTION] Batch [476/816] with 500 samples
[2024-12-23 16:12:07,072][INFO] - [FEATURE EXTRACTION] Batch [477/816] with 500 samples
[2024-12-23 16:12:33,557][INFO] - [FEATURE EXTRACTION] Batch [478/816] with 500 samples
[2024-12-23 16:13:00,071][INFO] - [FEATURE EXTRACTION] Batch [479/816] with 500 samples
[2024-12-23 16:13:26,585][INFO] - [FEATURE EXTRACTION] Batch [480/816] with 500 samples
[2024-12-23 16:15:03,526][INFO] - [REPORT] Saved features at batch 480
[2024-12-23 16:15:42,692][INFO] - [FEATURE EXTRACTION] Batch [481/816] with 500 samples
[2024-12-23 16:16:08,177][INFO] - [FEATURE EXTRACTION] Batch [482/816] with 500 samples
[2024-12-23 16:16:34,090][INFO] - [FEATURE EXTRACTION] Batch [483/816] with 500 samples
[2024-12-23 16:17:00,367][INFO] - [FEATURE EXTRACTION] Batch [484/816] with 500 samples
[2024-12-23 16:17:26,810][INFO] - [FEATURE EXTRACTION] Batch [485/816] with 500 samples
[2024-12-23 16:17:53,318][INFO] - [FEATURE EXTRACTION] Batch [486/816] with 500 samples
[2024-12-23 16:18:19,847][INFO] - [FEATURE EXTRACTION] Batch [487/816] with 500 samples
[2024-12-23 16:18:46,428][INFO] - [FEATURE EXTRACTION] Batch [488/816] with 500 samples
[2024-12-23 16:19:13,048][INFO] - [FEATURE EXTRACTION] Batch [489/816] with 500 samples
[2024-12-23 16:19:39,677][INFO] - [FEATURE EXTRACTION] Batch [490/816] with 500 samples
[2024-12-23 16:20:06,303][INFO] - [FEATURE EXTRACTION] Batch [491/816] with 500 samples
[2024-12-23 16:20:32,893][INFO] - [FEATURE EXTRACTION] Batch [492/816] with 500 samples
[2024-12-23 16:20:59,399][INFO] - [FEATURE EXTRACTION] Batch [493/816] with 500 samples
[2024-12-23 16:21:25,887][INFO] - [FEATURE EXTRACTION] Batch [494/816] with 500 samples
[2024-12-23 16:21:52,378][INFO] - [FEATURE EXTRACTION] Batch [495/816] with 500 samples
[2024-12-23 16:22:18,919][INFO] - [FEATURE EXTRACTION] Batch [496/816] with 500 samples
[2024-12-23 16:22:45,444][INFO] - [FEATURE EXTRACTION] Batch [497/816] with 500 samples
[2024-12-23 16:23:11,978][INFO] - [FEATURE EXTRACTION] Batch [498/816] with 500 samples
[2024-12-23 16:23:38,469][INFO] - [FEATURE EXTRACTION] Batch [499/816] with 500 samples
[2024-12-23 16:24:04,938][INFO] - [FEATURE EXTRACTION] Batch [500/816] with 500 samples
[2024-12-23 16:24:31,403][INFO] - [FEATURE EXTRACTION] Batch [501/816] with 500 samples
[2024-12-23 16:24:57,910][INFO] - [FEATURE EXTRACTION] Batch [502/816] with 500 samples
[2024-12-23 16:25:24,448][INFO] - [FEATURE EXTRACTION] Batch [503/816] with 500 samples
[2024-12-23 16:25:51,009][INFO] - [FEATURE EXTRACTION] Batch [504/816] with 500 samples
[2024-12-23 16:26:17,507][INFO] - [FEATURE EXTRACTION] Batch [505/816] with 500 samples
[2024-12-23 16:26:44,015][INFO] - [FEATURE EXTRACTION] Batch [506/816] with 500 samples
[2024-12-23 16:27:10,547][INFO] - [FEATURE EXTRACTION] Batch [507/816] with 500 samples
[2024-12-23 16:27:37,104][INFO] - [FEATURE EXTRACTION] Batch [508/816] with 500 samples
[2024-12-23 16:28:03,660][INFO] - [FEATURE EXTRACTION] Batch [509/816] with 500 samples
[2024-12-23 16:28:30,176][INFO] - [FEATURE EXTRACTION] Batch [510/816] with 500 samples
[2024-12-23 16:28:56,731][INFO] - [FEATURE EXTRACTION] Batch [511/816] with 500 samples
[2024-12-23 16:29:23,260][INFO] - [FEATURE EXTRACTION] Batch [512/816] with 500 samples
[2024-12-23 16:29:49,791][INFO] - [FEATURE EXTRACTION] Batch [513/816] with 500 samples
[2024-12-23 16:30:16,336][INFO] - [FEATURE EXTRACTION] Batch [514/816] with 500 samples
[2024-12-23 16:30:42,893][INFO] - [FEATURE EXTRACTION] Batch [515/816] with 500 samples
[2024-12-23 16:31:09,452][INFO] - [FEATURE EXTRACTION] Batch [516/816] with 500 samples
[2024-12-23 16:31:35,957][INFO] - [FEATURE EXTRACTION] Batch [517/816] with 500 samples
[2024-12-23 16:32:02,492][INFO] - [FEATURE EXTRACTION] Batch [518/816] with 500 samples
[2024-12-23 16:32:29,034][INFO] - [FEATURE EXTRACTION] Batch [519/816] with 500 samples
[2024-12-23 16:32:55,610][INFO] - [FEATURE EXTRACTION] Batch [520/816] with 500 samples
[2024-12-23 16:34:39,534][INFO] - [REPORT] Saved features at batch 520
[2024-12-23 16:35:18,577][INFO] - [FEATURE EXTRACTION] Batch [521/816] with 500 samples
[2024-12-23 16:35:44,076][INFO] - [FEATURE EXTRACTION] Batch [522/816] with 500 samples
[2024-12-23 16:36:09,964][INFO] - [FEATURE EXTRACTION] Batch [523/816] with 500 samples
[2024-12-23 16:36:36,206][INFO] - [FEATURE EXTRACTION] Batch [524/816] with 500 samples
[2024-12-23 16:37:02,597][INFO] - [FEATURE EXTRACTION] Batch [525/816] with 500 samples
[2024-12-23 16:37:29,112][INFO] - [FEATURE EXTRACTION] Batch [526/816] with 500 samples
[2024-12-23 16:37:55,638][INFO] - [FEATURE EXTRACTION] Batch [527/816] with 500 samples
[2024-12-23 16:38:22,233][INFO] - [FEATURE EXTRACTION] Batch [528/816] with 500 samples
[2024-12-23 16:38:48,831][INFO] - [FEATURE EXTRACTION] Batch [529/816] with 500 samples
[2024-12-23 16:39:15,380][INFO] - [FEATURE EXTRACTION] Batch [530/816] with 500 samples
[2024-12-23 16:39:41,942][INFO] - [FEATURE EXTRACTION] Batch [531/816] with 500 samples
[2024-12-23 16:40:08,472][INFO] - [FEATURE EXTRACTION] Batch [532/816] with 500 samples
[2024-12-23 16:40:35,022][INFO] - [FEATURE EXTRACTION] Batch [533/816] with 500 samples
[2024-12-23 16:41:01,606][INFO] - [FEATURE EXTRACTION] Batch [534/816] with 500 samples
[2024-12-23 16:41:28,151][INFO] - [FEATURE EXTRACTION] Batch [535/816] with 500 samples
[2024-12-23 16:41:54,674][INFO] - [FEATURE EXTRACTION] Batch [536/816] with 500 samples
[2024-12-23 16:42:21,206][INFO] - [FEATURE EXTRACTION] Batch [537/816] with 500 samples
[2024-12-23 16:42:47,765][INFO] - [FEATURE EXTRACTION] Batch [538/816] with 500 samples
[2024-12-23 16:43:14,259][INFO] - [FEATURE EXTRACTION] Batch [539/816] with 500 samples
[2024-12-23 16:43:40,788][INFO] - [FEATURE EXTRACTION] Batch [540/816] with 500 samples
[2024-12-23 16:44:07,271][INFO] - [FEATURE EXTRACTION] Batch [541/816] with 500 samples
[2024-12-23 16:44:33,746][INFO] - [FEATURE EXTRACTION] Batch [542/816] with 500 samples
[2024-12-23 16:45:00,277][INFO] - [FEATURE EXTRACTION] Batch [543/816] with 500 samples
[2024-12-23 16:45:26,832][INFO] - [FEATURE EXTRACTION] Batch [544/816] with 500 samples
[2024-12-23 16:45:53,362][INFO] - [FEATURE EXTRACTION] Batch [545/816] with 500 samples
[2024-12-23 16:46:19,878][INFO] - [FEATURE EXTRACTION] Batch [546/816] with 500 samples
[2024-12-23 16:46:46,443][INFO] - [FEATURE EXTRACTION] Batch [547/816] with 500 samples
[2024-12-23 16:47:13,003][INFO] - [FEATURE EXTRACTION] Batch [548/816] with 500 samples
[2024-12-23 16:47:39,614][INFO] - [FEATURE EXTRACTION] Batch [549/816] with 500 samples
[2024-12-23 16:48:06,177][INFO] - [FEATURE EXTRACTION] Batch [550/816] with 500 samples
[2024-12-23 16:48:32,738][INFO] - [FEATURE EXTRACTION] Batch [551/816] with 500 samples
[2024-12-23 16:48:59,241][INFO] - [FEATURE EXTRACTION] Batch [552/816] with 500 samples
[2024-12-23 16:49:25,726][INFO] - [FEATURE EXTRACTION] Batch [553/816] with 500 samples
[2024-12-23 16:49:52,246][INFO] - [FEATURE EXTRACTION] Batch [554/816] with 500 samples
[2024-12-23 16:50:18,769][INFO] - [FEATURE EXTRACTION] Batch [555/816] with 500 samples
[2024-12-23 16:50:45,292][INFO] - [FEATURE EXTRACTION] Batch [556/816] with 500 samples
[2024-12-23 16:51:11,775][INFO] - [FEATURE EXTRACTION] Batch [557/816] with 500 samples
[2024-12-23 16:51:38,264][INFO] - [FEATURE EXTRACTION] Batch [558/816] with 500 samples
[2024-12-23 16:52:04,801][INFO] - [FEATURE EXTRACTION] Batch [559/816] with 500 samples
[2024-12-23 16:52:31,342][INFO] - [FEATURE EXTRACTION] Batch [560/816] with 500 samples
[2024-12-23 16:54:21,358][INFO] - [REPORT] Saved features at batch 560
[2024-12-23 16:55:00,688][INFO] - [FEATURE EXTRACTION] Batch [561/816] with 500 samples
[2024-12-23 16:55:26,123][INFO] - [FEATURE EXTRACTION] Batch [562/816] with 500 samples
[2024-12-23 16:55:51,999][INFO] - [FEATURE EXTRACTION] Batch [563/816] with 500 samples
[2024-12-23 16:56:18,228][INFO] - [FEATURE EXTRACTION] Batch [564/816] with 500 samples
[2024-12-23 16:56:44,642][INFO] - [FEATURE EXTRACTION] Batch [565/816] with 500 samples
[2024-12-23 16:57:11,145][INFO] - [FEATURE EXTRACTION] Batch [566/816] with 500 samples
[2024-12-23 16:57:37,688][INFO] - [FEATURE EXTRACTION] Batch [567/816] with 500 samples
[2024-12-23 16:58:04,280][INFO] - [FEATURE EXTRACTION] Batch [568/816] with 500 samples
[2024-12-23 16:58:30,866][INFO] - [FEATURE EXTRACTION] Batch [569/816] with 500 samples
[2024-12-23 16:58:57,448][INFO] - [FEATURE EXTRACTION] Batch [570/816] with 500 samples
[2024-12-23 16:59:24,030][INFO] - [FEATURE EXTRACTION] Batch [571/816] with 500 samples
[2024-12-23 16:59:50,602][INFO] - [FEATURE EXTRACTION] Batch [572/816] with 500 samples
[2024-12-23 17:00:17,098][INFO] - [FEATURE EXTRACTION] Batch [573/816] with 500 samples
[2024-12-23 17:00:43,608][INFO] - [FEATURE EXTRACTION] Batch [574/816] with 500 samples
[2024-12-23 17:01:10,123][INFO] - [FEATURE EXTRACTION] Batch [575/816] with 500 samples
[2024-12-23 17:01:36,647][INFO] - [FEATURE EXTRACTION] Batch [576/816] with 500 samples
[2024-12-23 17:02:03,224][INFO] - [FEATURE EXTRACTION] Batch [577/816] with 500 samples
[2024-12-23 17:02:29,769][INFO] - [FEATURE EXTRACTION] Batch [578/816] with 500 samples
[2024-12-23 17:02:56,329][INFO] - [FEATURE EXTRACTION] Batch [579/816] with 500 samples
[2024-12-23 17:03:22,883][INFO] - [FEATURE EXTRACTION] Batch [580/816] with 500 samples
[2024-12-23 17:03:49,402][INFO] - [FEATURE EXTRACTION] Batch [581/816] with 500 samples
[2024-12-23 17:04:15,897][INFO] - [FEATURE EXTRACTION] Batch [582/816] with 500 samples
[2024-12-23 17:04:42,452][INFO] - [FEATURE EXTRACTION] Batch [583/816] with 500 samples
[2024-12-23 17:05:08,992][INFO] - [FEATURE EXTRACTION] Batch [584/816] with 500 samples
[2024-12-23 17:05:35,551][INFO] - [FEATURE EXTRACTION] Batch [585/816] with 500 samples
[2024-12-23 17:06:02,094][INFO] - [FEATURE EXTRACTION] Batch [586/816] with 500 samples
[2024-12-23 17:06:28,581][INFO] - [FEATURE EXTRACTION] Batch [587/816] with 500 samples
[2024-12-23 17:06:55,051][INFO] - [FEATURE EXTRACTION] Batch [588/816] with 500 samples
[2024-12-23 17:07:21,547][INFO] - [FEATURE EXTRACTION] Batch [589/816] with 500 samples
[2024-12-23 17:07:48,083][INFO] - [FEATURE EXTRACTION] Batch [590/816] with 500 samples
[2024-12-23 17:08:14,610][INFO] - [FEATURE EXTRACTION] Batch [591/816] with 500 samples
[2024-12-23 17:08:41,140][INFO] - [FEATURE EXTRACTION] Batch [592/816] with 500 samples
[2024-12-23 17:09:07,673][INFO] - [FEATURE EXTRACTION] Batch [593/816] with 500 samples
[2024-12-23 17:09:34,221][INFO] - [FEATURE EXTRACTION] Batch [594/816] with 500 samples
[2024-12-23 17:10:00,766][INFO] - [FEATURE EXTRACTION] Batch [595/816] with 500 samples
[2024-12-23 17:10:27,285][INFO] - [FEATURE EXTRACTION] Batch [596/816] with 500 samples
[2024-12-23 17:10:53,791][INFO] - [FEATURE EXTRACTION] Batch [597/816] with 500 samples
[2024-12-23 17:11:20,292][INFO] - [FEATURE EXTRACTION] Batch [598/816] with 500 samples
[2024-12-23 17:11:46,837][INFO] - [FEATURE EXTRACTION] Batch [599/816] with 500 samples
[2024-12-23 17:12:13,388][INFO] - [FEATURE EXTRACTION] Batch [600/816] with 500 samples
[2024-12-23 17:14:07,604][INFO] - [REPORT] Saved features at batch 600
[2024-12-23 17:14:46,617][INFO] - [FEATURE EXTRACTION] Batch [601/816] with 500 samples
[2024-12-23 17:15:12,083][INFO] - [FEATURE EXTRACTION] Batch [602/816] with 500 samples
[2024-12-23 17:15:37,973][INFO] - [FEATURE EXTRACTION] Batch [603/816] with 500 samples
[2024-12-23 17:16:04,193][INFO] - [FEATURE EXTRACTION] Batch [604/816] with 500 samples
[2024-12-23 17:16:30,560][INFO] - [FEATURE EXTRACTION] Batch [605/816] with 500 samples
[2024-12-23 17:16:57,011][INFO] - [FEATURE EXTRACTION] Batch [606/816] with 500 samples
[2024-12-23 17:17:23,517][INFO] - [FEATURE EXTRACTION] Batch [607/816] with 500 samples
[2024-12-23 17:17:50,045][INFO] - [FEATURE EXTRACTION] Batch [608/816] with 500 samples
[2024-12-23 17:18:16,577][INFO] - [FEATURE EXTRACTION] Batch [609/816] with 500 samples
[2024-12-23 17:18:43,157][INFO] - [FEATURE EXTRACTION] Batch [610/816] with 500 samples
[2024-12-23 17:19:09,785][INFO] - [FEATURE EXTRACTION] Batch [611/816] with 500 samples
[2024-12-23 17:19:36,425][INFO] - [FEATURE EXTRACTION] Batch [612/816] with 500 samples
[2024-12-23 17:20:03,054][INFO] - [FEATURE EXTRACTION] Batch [613/816] with 500 samples
[2024-12-23 17:20:29,627][INFO] - [FEATURE EXTRACTION] Batch [614/816] with 500 samples
[2024-12-23 17:20:56,219][INFO] - [FEATURE EXTRACTION] Batch [615/816] with 500 samples
[2024-12-23 17:21:22,778][INFO] - [FEATURE EXTRACTION] Batch [616/816] with 500 samples
[2024-12-23 17:21:49,311][INFO] - [FEATURE EXTRACTION] Batch [617/816] with 500 samples
[2024-12-23 17:22:15,834][INFO] - [FEATURE EXTRACTION] Batch [618/816] with 500 samples
[2024-12-23 17:22:42,391][INFO] - [FEATURE EXTRACTION] Batch [619/816] with 500 samples
[2024-12-23 17:23:08,881][INFO] - [FEATURE EXTRACTION] Batch [620/816] with 500 samples
[2024-12-23 17:23:35,385][INFO] - [FEATURE EXTRACTION] Batch [621/816] with 500 samples
[2024-12-23 17:24:01,846][INFO] - [FEATURE EXTRACTION] Batch [622/816] with 500 samples
[2024-12-23 17:24:28,344][INFO] - [FEATURE EXTRACTION] Batch [623/816] with 500 samples
[2024-12-23 17:24:54,874][INFO] - [FEATURE EXTRACTION] Batch [624/816] with 500 samples
[2024-12-23 17:25:21,405][INFO] - [FEATURE EXTRACTION] Batch [625/816] with 500 samples
[2024-12-23 17:25:47,912][INFO] - [FEATURE EXTRACTION] Batch [626/816] with 500 samples
[2024-12-23 17:26:14,428][INFO] - [FEATURE EXTRACTION] Batch [627/816] with 500 samples
[2024-12-23 17:26:40,893][INFO] - [FEATURE EXTRACTION] Batch [628/816] with 500 samples
[2024-12-23 17:27:07,379][INFO] - [FEATURE EXTRACTION] Batch [629/816] with 500 samples
[2024-12-23 17:27:33,871][INFO] - [FEATURE EXTRACTION] Batch [630/816] with 500 samples
[2024-12-23 17:28:00,399][INFO] - [FEATURE EXTRACTION] Batch [631/816] with 500 samples
[2024-12-23 17:28:26,946][INFO] - [FEATURE EXTRACTION] Batch [632/816] with 500 samples
[2024-12-23 17:28:53,432][INFO] - [FEATURE EXTRACTION] Batch [633/816] with 500 samples
[2024-12-23 17:29:19,947][INFO] - [FEATURE EXTRACTION] Batch [634/816] with 500 samples
[2024-12-23 17:29:46,460][INFO] - [FEATURE EXTRACTION] Batch [635/816] with 500 samples
[2024-12-23 17:30:12,949][INFO] - [FEATURE EXTRACTION] Batch [636/816] with 500 samples
[2024-12-23 17:30:39,427][INFO] - [FEATURE EXTRACTION] Batch [637/816] with 500 samples
[2024-12-23 17:31:05,931][INFO] - [FEATURE EXTRACTION] Batch [638/816] with 500 samples
[2024-12-23 17:31:32,435][INFO] - [FEATURE EXTRACTION] Batch [639/816] with 500 samples
[2024-12-23 17:31:58,981][INFO] - [FEATURE EXTRACTION] Batch [640/816] with 500 samples
[2024-12-23 17:34:05,768][INFO] - [REPORT] Saved features at batch 640
[2024-12-23 17:34:45,209][INFO] - [FEATURE EXTRACTION] Batch [641/816] with 500 samples
[2024-12-23 17:35:10,597][INFO] - [FEATURE EXTRACTION] Batch [642/816] with 500 samples
[2024-12-23 17:35:36,453][INFO] - [FEATURE EXTRACTION] Batch [643/816] with 500 samples
[2024-12-23 17:36:02,705][INFO] - [FEATURE EXTRACTION] Batch [644/816] with 500 samples
[2024-12-23 17:36:29,163][INFO] - [FEATURE EXTRACTION] Batch [645/816] with 500 samples
[2024-12-23 17:36:55,661][INFO] - [FEATURE EXTRACTION] Batch [646/816] with 500 samples
[2024-12-23 17:37:22,166][INFO] - [FEATURE EXTRACTION] Batch [647/816] with 500 samples
[2024-12-23 17:37:48,748][INFO] - [FEATURE EXTRACTION] Batch [648/816] with 500 samples
[2024-12-23 17:38:15,305][INFO] - [FEATURE EXTRACTION] Batch [649/816] with 500 samples
[2024-12-23 17:38:41,826][INFO] - [FEATURE EXTRACTION] Batch [650/816] with 500 samples
[2024-12-23 17:39:08,350][INFO] - [FEATURE EXTRACTION] Batch [651/816] with 500 samples
[2024-12-23 17:39:34,880][INFO] - [FEATURE EXTRACTION] Batch [652/816] with 500 samples
[2024-12-23 17:40:01,427][INFO] - [FEATURE EXTRACTION] Batch [653/816] with 500 samples
[2024-12-23 17:40:28,003][INFO] - [FEATURE EXTRACTION] Batch [654/816] with 500 samples
[2024-12-23 17:40:54,551][INFO] - [FEATURE EXTRACTION] Batch [655/816] with 500 samples
[2024-12-23 17:41:21,095][INFO] - [FEATURE EXTRACTION] Batch [656/816] with 500 samples
[2024-12-23 17:41:47,648][INFO] - [FEATURE EXTRACTION] Batch [657/816] with 500 samples
[2024-12-23 17:42:14,183][INFO] - [FEATURE EXTRACTION] Batch [658/816] with 500 samples
[2024-12-23 17:42:40,722][INFO] - [FEATURE EXTRACTION] Batch [659/816] with 500 samples
[2024-12-23 17:43:07,281][INFO] - [FEATURE EXTRACTION] Batch [660/816] with 500 samples
[2024-12-23 17:43:33,833][INFO] - [FEATURE EXTRACTION] Batch [661/816] with 500 samples
[2024-12-23 17:44:00,382][INFO] - [FEATURE EXTRACTION] Batch [662/816] with 500 samples
[2024-12-23 17:44:26,878][INFO] - [FEATURE EXTRACTION] Batch [663/816] with 500 samples
[2024-12-23 17:44:53,365][INFO] - [FEATURE EXTRACTION] Batch [664/816] with 500 samples
[2024-12-23 17:45:19,860][INFO] - [FEATURE EXTRACTION] Batch [665/816] with 500 samples
[2024-12-23 17:45:46,387][INFO] - [FEATURE EXTRACTION] Batch [666/816] with 500 samples
[2024-12-23 17:46:12,925][INFO] - [FEATURE EXTRACTION] Batch [667/816] with 500 samples
[2024-12-23 17:46:39,456][INFO] - [FEATURE EXTRACTION] Batch [668/816] with 500 samples
[2024-12-23 17:47:05,945][INFO] - [FEATURE EXTRACTION] Batch [669/816] with 500 samples
[2024-12-23 17:47:32,447][INFO] - [FEATURE EXTRACTION] Batch [670/816] with 500 samples
[2024-12-23 17:47:58,942][INFO] - [FEATURE EXTRACTION] Batch [671/816] with 500 samples
[2024-12-23 17:48:25,410][INFO] - [FEATURE EXTRACTION] Batch [672/816] with 500 samples
[2024-12-23 17:48:51,930][INFO] - [FEATURE EXTRACTION] Batch [673/816] with 500 samples
[2024-12-23 17:49:18,500][INFO] - [FEATURE EXTRACTION] Batch [674/816] with 500 samples
[2024-12-23 17:49:45,078][INFO] - [FEATURE EXTRACTION] Batch [675/816] with 500 samples
[2024-12-23 17:50:11,670][INFO] - [FEATURE EXTRACTION] Batch [676/816] with 500 samples
[2024-12-23 17:50:38,240][INFO] - [FEATURE EXTRACTION] Batch [677/816] with 500 samples
[2024-12-23 17:51:04,750][INFO] - [FEATURE EXTRACTION] Batch [678/816] with 500 samples
[2024-12-23 17:51:31,243][INFO] - [FEATURE EXTRACTION] Batch [679/816] with 500 samples
[2024-12-23 17:51:57,759][INFO] - [FEATURE EXTRACTION] Batch [680/816] with 500 samples
[2024-12-23 17:54:14,683][INFO] - [REPORT] Saved features at batch 680
[2024-12-23 17:54:53,766][INFO] - [FEATURE EXTRACTION] Batch [681/816] with 500 samples
[2024-12-23 17:55:19,123][INFO] - [FEATURE EXTRACTION] Batch [682/816] with 500 samples
[2024-12-23 17:55:44,916][INFO] - [FEATURE EXTRACTION] Batch [683/816] with 500 samples
[2024-12-23 17:56:11,114][INFO] - [FEATURE EXTRACTION] Batch [684/816] with 500 samples
[2024-12-23 17:56:37,519][INFO] - [FEATURE EXTRACTION] Batch [685/816] with 500 samples
[2024-12-23 17:57:03,995][INFO] - [FEATURE EXTRACTION] Batch [686/816] with 500 samples
[2024-12-23 17:57:30,525][INFO] - [FEATURE EXTRACTION] Batch [687/816] with 500 samples
[2024-12-23 17:57:57,041][INFO] - [FEATURE EXTRACTION] Batch [688/816] with 500 samples
[2024-12-23 17:58:23,589][INFO] - [FEATURE EXTRACTION] Batch [689/816] with 500 samples
[2024-12-23 17:58:50,126][INFO] - [FEATURE EXTRACTION] Batch [690/816] with 500 samples
[2024-12-23 17:59:16,687][INFO] - [FEATURE EXTRACTION] Batch [691/816] with 500 samples
[2024-12-23 17:59:43,242][INFO] - [FEATURE EXTRACTION] Batch [692/816] with 500 samples
[2024-12-23 18:00:09,832][INFO] - [FEATURE EXTRACTION] Batch [693/816] with 500 samples
[2024-12-23 18:00:36,391][INFO] - [FEATURE EXTRACTION] Batch [694/816] with 500 samples
[2024-12-23 18:01:02,923][INFO] - [FEATURE EXTRACTION] Batch [695/816] with 500 samples
[2024-12-23 18:01:29,434][INFO] - [FEATURE EXTRACTION] Batch [696/816] with 500 samples
[2024-12-23 18:01:55,913][INFO] - [FEATURE EXTRACTION] Batch [697/816] with 500 samples
[2024-12-23 18:02:22,424][INFO] - [FEATURE EXTRACTION] Batch [698/816] with 500 samples
[2024-12-23 18:02:48,904][INFO] - [FEATURE EXTRACTION] Batch [699/816] with 500 samples
[2024-12-23 18:03:15,417][INFO] - [FEATURE EXTRACTION] Batch [700/816] with 500 samples
[2024-12-23 18:03:41,905][INFO] - [FEATURE EXTRACTION] Batch [701/816] with 500 samples
[2024-12-23 18:04:08,404][INFO] - [FEATURE EXTRACTION] Batch [702/816] with 500 samples
[2024-12-23 18:04:34,896][INFO] - [FEATURE EXTRACTION] Batch [703/816] with 500 samples
[2024-12-23 18:05:01,410][INFO] - [FEATURE EXTRACTION] Batch [704/816] with 500 samples
[2024-12-23 18:05:27,885][INFO] - [FEATURE EXTRACTION] Batch [705/816] with 500 samples
[2024-12-23 18:05:54,380][INFO] - [FEATURE EXTRACTION] Batch [706/816] with 500 samples
[2024-12-23 18:06:20,877][INFO] - [FEATURE EXTRACTION] Batch [707/816] with 500 samples
[2024-12-23 18:06:47,398][INFO] - [FEATURE EXTRACTION] Batch [708/816] with 500 samples
[2024-12-23 18:07:13,928][INFO] - [FEATURE EXTRACTION] Batch [709/816] with 500 samples
[2024-12-23 18:07:40,449][INFO] - [FEATURE EXTRACTION] Batch [710/816] with 500 samples
[2024-12-23 18:08:06,977][INFO] - [FEATURE EXTRACTION] Batch [711/816] with 500 samples
[2024-12-23 18:08:33,492][INFO] - [FEATURE EXTRACTION] Batch [712/816] with 500 samples
[2024-12-23 18:08:59,979][INFO] - [FEATURE EXTRACTION] Batch [713/816] with 500 samples
[2024-12-23 18:09:26,481][INFO] - [FEATURE EXTRACTION] Batch [714/816] with 500 samples
[2024-12-23 18:09:52,993][INFO] - [FEATURE EXTRACTION] Batch [715/816] with 500 samples
[2024-12-23 18:10:19,531][INFO] - [FEATURE EXTRACTION] Batch [716/816] with 500 samples
[2024-12-23 18:10:46,115][INFO] - [FEATURE EXTRACTION] Batch [717/816] with 500 samples
[2024-12-23 18:11:12,666][INFO] - [FEATURE EXTRACTION] Batch [718/816] with 500 samples
[2024-12-23 18:11:39,174][INFO] - [FEATURE EXTRACTION] Batch [719/816] with 500 samples
[2024-12-23 18:12:05,657][INFO] - [FEATURE EXTRACTION] Batch [720/816] with 500 samples
[2024-12-23 18:14:19,194][INFO] - [REPORT] Saved features at batch 720
[2024-12-23 18:14:58,676][INFO] - [FEATURE EXTRACTION] Batch [721/816] with 500 samples
[2024-12-23 18:15:24,105][INFO] - [FEATURE EXTRACTION] Batch [722/816] with 500 samples
[2024-12-23 18:15:49,899][INFO] - [FEATURE EXTRACTION] Batch [723/816] with 500 samples
[2024-12-23 18:16:16,068][INFO] - [FEATURE EXTRACTION] Batch [724/816] with 500 samples
[2024-12-23 18:16:42,414][INFO] - [FEATURE EXTRACTION] Batch [725/816] with 500 samples
[2024-12-23 18:17:08,853][INFO] - [FEATURE EXTRACTION] Batch [726/816] with 500 samples
[2024-12-23 18:17:35,346][INFO] - [FEATURE EXTRACTION] Batch [727/816] with 500 samples
[2024-12-23 18:18:01,873][INFO] - [FEATURE EXTRACTION] Batch [728/816] with 500 samples
[2024-12-23 18:18:28,406][INFO] - [FEATURE EXTRACTION] Batch [729/816] with 500 samples
[2024-12-23 18:18:54,966][INFO] - [FEATURE EXTRACTION] Batch [730/816] with 500 samples
[2024-12-23 18:19:21,482][INFO] - [FEATURE EXTRACTION] Batch [731/816] with 500 samples
[2024-12-23 18:19:48,034][INFO] - [FEATURE EXTRACTION] Batch [732/816] with 500 samples
[2024-12-23 18:20:14,632][INFO] - [FEATURE EXTRACTION] Batch [733/816] with 500 samples
[2024-12-23 18:20:41,245][INFO] - [FEATURE EXTRACTION] Batch [734/816] with 500 samples
[2024-12-23 18:21:07,826][INFO] - [FEATURE EXTRACTION] Batch [735/816] with 500 samples
[2024-12-23 18:21:34,384][INFO] - [FEATURE EXTRACTION] Batch [736/816] with 500 samples
[2024-12-23 18:22:00,913][INFO] - [FEATURE EXTRACTION] Batch [737/816] with 500 samples
[2024-12-23 18:22:27,430][INFO] - [FEATURE EXTRACTION] Batch [738/816] with 500 samples
[2024-12-23 18:22:53,946][INFO] - [FEATURE EXTRACTION] Batch [739/816] with 500 samples
[2024-12-23 18:23:20,473][INFO] - [FEATURE EXTRACTION] Batch [740/816] with 500 samples
[2024-12-23 18:23:46,983][INFO] - [FEATURE EXTRACTION] Batch [741/816] with 500 samples
[2024-12-23 18:24:13,515][INFO] - [FEATURE EXTRACTION] Batch [742/816] with 500 samples
[2024-12-23 18:24:40,045][INFO] - [FEATURE EXTRACTION] Batch [743/816] with 500 samples
[2024-12-23 18:25:06,534][INFO] - [FEATURE EXTRACTION] Batch [744/816] with 500 samples
[2024-12-23 18:25:33,045][INFO] - [FEATURE EXTRACTION] Batch [745/816] with 500 samples
[2024-12-23 18:25:59,545][INFO] - [FEATURE EXTRACTION] Batch [746/816] with 500 samples
[2024-12-23 18:26:26,087][INFO] - [FEATURE EXTRACTION] Batch [747/816] with 500 samples
[2024-12-23 18:26:52,625][INFO] - [FEATURE EXTRACTION] Batch [748/816] with 500 samples
[2024-12-23 18:27:19,160][INFO] - [FEATURE EXTRACTION] Batch [749/816] with 500 samples
[2024-12-23 18:27:45,692][INFO] - [FEATURE EXTRACTION] Batch [750/816] with 500 samples
[2024-12-23 18:28:12,192][INFO] - [FEATURE EXTRACTION] Batch [751/816] with 500 samples
[2024-12-23 18:28:38,695][INFO] - [FEATURE EXTRACTION] Batch [752/816] with 500 samples
[2024-12-23 18:29:05,212][INFO] - [FEATURE EXTRACTION] Batch [753/816] with 500 samples
[2024-12-23 18:29:31,746][INFO] - [FEATURE EXTRACTION] Batch [754/816] with 500 samples
[2024-12-23 18:29:58,259][INFO] - [FEATURE EXTRACTION] Batch [755/816] with 500 samples
[2024-12-23 18:30:24,775][INFO] - [FEATURE EXTRACTION] Batch [756/816] with 500 samples
[2024-12-23 18:30:51,289][INFO] - [FEATURE EXTRACTION] Batch [757/816] with 500 samples
[2024-12-23 18:31:17,827][INFO] - [FEATURE EXTRACTION] Batch [758/816] with 500 samples
[2024-12-23 18:31:44,369][INFO] - [FEATURE EXTRACTION] Batch [759/816] with 500 samples
[2024-12-23 18:32:10,907][INFO] - [FEATURE EXTRACTION] Batch [760/816] with 500 samples
[2024-12-23 18:34:32,314][INFO] - [REPORT] Saved features at batch 760
[2024-12-23 18:35:11,180][INFO] - [FEATURE EXTRACTION] Batch [761/816] with 500 samples
[2024-12-23 18:35:36,585][INFO] - [FEATURE EXTRACTION] Batch [762/816] with 500 samples
[2024-12-23 18:36:02,418][INFO] - [FEATURE EXTRACTION] Batch [763/816] with 500 samples
[2024-12-23 18:36:28,629][INFO] - [FEATURE EXTRACTION] Batch [764/816] with 500 samples
[2024-12-23 18:36:55,049][INFO] - [FEATURE EXTRACTION] Batch [765/816] with 500 samples
[2024-12-23 18:37:21,546][INFO] - [FEATURE EXTRACTION] Batch [766/816] with 500 samples
[2024-12-23 18:37:48,082][INFO] - [FEATURE EXTRACTION] Batch [767/816] with 500 samples
[2024-12-23 18:38:14,639][INFO] - [FEATURE EXTRACTION] Batch [768/816] with 500 samples
[2024-12-23 18:38:41,187][INFO] - [FEATURE EXTRACTION] Batch [769/816] with 500 samples
[2024-12-23 18:39:07,759][INFO] - [FEATURE EXTRACTION] Batch [770/816] with 500 samples
[2024-12-23 18:39:34,320][INFO] - [FEATURE EXTRACTION] Batch [771/816] with 500 samples
[2024-12-23 18:40:00,882][INFO] - [FEATURE EXTRACTION] Batch [772/816] with 500 samples
[2024-12-23 18:40:27,431][INFO] - [FEATURE EXTRACTION] Batch [773/816] with 500 samples
[2024-12-23 18:40:53,964][INFO] - [FEATURE EXTRACTION] Batch [774/816] with 500 samples
[2024-12-23 18:41:20,453][INFO] - [FEATURE EXTRACTION] Batch [775/816] with 500 samples
[2024-12-23 18:41:46,968][INFO] - [FEATURE EXTRACTION] Batch [776/816] with 500 samples
[2024-12-23 18:42:13,435][INFO] - [FEATURE EXTRACTION] Batch [777/816] with 500 samples
[2024-12-23 18:42:39,930][INFO] - [FEATURE EXTRACTION] Batch [778/816] with 500 samples
[2024-12-23 18:43:06,442][INFO] - [FEATURE EXTRACTION] Batch [779/816] with 500 samples
[2024-12-23 18:43:32,936][INFO] - [FEATURE EXTRACTION] Batch [780/816] with 500 samples
[2024-12-23 18:43:59,457][INFO] - [FEATURE EXTRACTION] Batch [781/816] with 500 samples
[2024-12-23 18:44:25,976][INFO] - [FEATURE EXTRACTION] Batch [782/816] with 500 samples
[2024-12-23 18:44:52,491][INFO] - [FEATURE EXTRACTION] Batch [783/816] with 500 samples
[2024-12-23 18:45:19,003][INFO] - [FEATURE EXTRACTION] Batch [784/816] with 500 samples
[2024-12-23 18:45:45,513][INFO] - [FEATURE EXTRACTION] Batch [785/816] with 500 samples
[2024-12-23 18:46:12,029][INFO] - [FEATURE EXTRACTION] Batch [786/816] with 500 samples
[2024-12-23 18:46:38,556][INFO] - [FEATURE EXTRACTION] Batch [787/816] with 500 samples
[2024-12-23 18:47:05,059][INFO] - [FEATURE EXTRACTION] Batch [788/816] with 500 samples
[2024-12-23 18:47:31,588][INFO] - [FEATURE EXTRACTION] Batch [789/816] with 500 samples
[2024-12-23 18:47:58,082][INFO] - [FEATURE EXTRACTION] Batch [790/816] with 500 samples
[2024-12-23 18:48:24,562][INFO] - [FEATURE EXTRACTION] Batch [791/816] with 500 samples
[2024-12-23 18:48:51,073][INFO] - [FEATURE EXTRACTION] Batch [792/816] with 500 samples
[2024-12-23 18:49:17,625][INFO] - [FEATURE EXTRACTION] Batch [793/816] with 500 samples
[2024-12-23 18:49:44,139][INFO] - [FEATURE EXTRACTION] Batch [794/816] with 500 samples
[2024-12-23 18:50:10,654][INFO] - [FEATURE EXTRACTION] Batch [795/816] with 500 samples
[2024-12-23 18:50:37,142][INFO] - [FEATURE EXTRACTION] Batch [796/816] with 500 samples
[2024-12-23 18:51:03,590][INFO] - [FEATURE EXTRACTION] Batch [797/816] with 500 samples
[2024-12-23 18:51:30,055][INFO] - [FEATURE EXTRACTION] Batch [798/816] with 500 samples
[2024-12-23 18:51:56,572][INFO] - [FEATURE EXTRACTION] Batch [799/816] with 500 samples
[2024-12-23 18:52:23,059][INFO] - [FEATURE EXTRACTION] Batch [800/816] with 500 samples
[2024-12-23 18:54:40,418][INFO] - [REPORT] Saved features at batch 800
[2024-12-23 18:55:19,794][INFO] - [FEATURE EXTRACTION] Batch [801/816] with 500 samples
[2024-12-23 18:55:45,210][INFO] - [FEATURE EXTRACTION] Batch [802/816] with 500 samples
[2024-12-23 18:56:11,057][INFO] - [FEATURE EXTRACTION] Batch [803/816] with 500 samples
[2024-12-23 18:56:37,322][INFO] - [FEATURE EXTRACTION] Batch [804/816] with 500 samples
[2024-12-23 18:57:03,767][INFO] - [FEATURE EXTRACTION] Batch [805/816] with 500 samples
[2024-12-23 18:57:30,289][INFO] - [FEATURE EXTRACTION] Batch [806/816] with 500 samples
[2024-12-23 18:57:56,841][INFO] - [FEATURE EXTRACTION] Batch [807/816] with 500 samples
[2024-12-23 18:58:23,455][INFO] - [FEATURE EXTRACTION] Batch [808/816] with 500 samples
[2024-12-23 18:58:50,060][INFO] - [FEATURE EXTRACTION] Batch [809/816] with 500 samples
[2024-12-23 18:59:16,653][INFO] - [FEATURE EXTRACTION] Batch [810/816] with 500 samples
[2024-12-23 18:59:43,210][INFO] - [FEATURE EXTRACTION] Batch [811/816] with 500 samples
[2024-12-23 19:00:09,759][INFO] - [FEATURE EXTRACTION] Batch [812/816] with 500 samples
[2024-12-23 19:00:36,285][INFO] - [FEATURE EXTRACTION] Batch [813/816] with 500 samples
[2024-12-23 19:01:02,800][INFO] - [FEATURE EXTRACTION] Batch [814/816] with 500 samples
[2024-12-23 19:01:29,323][INFO] - [FEATURE EXTRACTION] Batch [815/816] with 500 samples
[2024-12-23 19:01:55,876][INFO] - [FEATURE EXTRACTION] Batch [816/816] with 308 samples
[2024-12-23 19:04:14,538][INFO] - [REPORT] Saved features at batch 816
/usr/lib/python3/dist-packages/PIL/TiffImagePlugin.py:788: UserWarning: Corrupt EXIF data.  Expecting to read 4 bytes but only got 0. 
  warnings.warn(str(msg))
/usr/lib/python3/dist-packages/PIL/TiffImagePlugin.py:788: UserWarning: Corrupt EXIF data.  Expecting to read 4 bytes but only got 0. 
  warnings.warn(str(msg))
/usr/lib/python3/dist-packages/PIL/TiffImagePlugin.py:788: UserWarning: Corrupt EXIF data.  Expecting to read 4 bytes but only got 0. 
  warnings.warn(str(msg))
/usr/lib/python3/dist-packages/PIL/TiffImagePlugin.py:788: UserWarning: Corrupt EXIF data.  Expecting to read 4 bytes but only got 0. 
  warnings.warn(str(msg))
/usr/lib/python3/dist-packages/PIL/TiffImagePlugin.py:788: UserWarning: Corrupt EXIF data.  Expecting to read 4 bytes but only got 0. 
  warnings.warn(str(msg))
Features and labels saved to /home/lgierz/BA_MothClassification/data/processed/features/features_DINOv2_top589_max3000_File3.npz
Features and labels loaded from /home/lgierz/BA_MothClassification/data/processed/features/features_DINOv2_top589_max3000_File3.npz
Features and labels saved to /home/lgierz/BA_MothClassification/data/processed/features/features_DINOv2_top589_max3000_File3.npz
Features and labels loaded from /home/lgierz/BA_MothClassification/data/processed/features/features_DINOv2_top589_max3000_File3.npz
Features and labels saved to /home/lgierz/BA_MothClassification/data/processed/features/features_DINOv2_top589_max3000_File3.npz
Features and labels loaded from /home/lgierz/BA_MothClassification/data/processed/features/features_DINOv2_top589_max3000_File3.npz
Features and labels saved to /home/lgierz/BA_MothClassification/data/processed/features/features_DINOv2_top589_max3000_File3.npz
Features and labels loaded from /home/lgierz/BA_MothClassification/data/processed/features/features_DINOv2_top589_max3000_File3.npz
Features and labels saved to /home/lgierz/BA_MothClassification/data/processed/features/features_DINOv2_top589_max3000_File3.npz
Features and labels loaded from /home/lgierz/BA_MothClassification/data/processed/features/features_DINOv2_top589_max3000_File3.npz
Features and labels saved to /home/lgierz/BA_MothClassification/data/processed/features/features_DINOv2_top589_max3000_File3.npz
Features and labels loaded from /home/lgierz/BA_MothClassification/data/processed/features/features_DINOv2_top589_max3000_File3.npz
Features and labels saved to /home/lgierz/BA_MothClassification/data/processed/features/features_DINOv2_top589_max3000_File3.npz
Features and labels loaded from /home/lgierz/BA_MothClassification/data/processed/features/features_DINOv2_top589_max3000_File3.npz
Features and labels saved to /home/lgierz/BA_MothClassification/data/processed/features/features_DINOv2_top589_max3000_File3.npz
Features and labels loaded from /home/lgierz/BA_MothClassification/data/processed/features/features_DINOv2_top589_max3000_File3.npz
Features and labels saved to /home/lgierz/BA_MothClassification/data/processed/features/features_DINOv2_top589_max3000_File3.npz
Features and labels loaded from /home/lgierz/BA_MothClassification/data/processed/features/features_DINOv2_top589_max3000_File3.npz
Features and labels saved to /home/lgierz/BA_MothClassification/data/processed/features/features_DINOv2_top589_max3000_File3.npz
Features and labels loaded from /home/lgierz/BA_MothClassification/data/processed/features/features_DINOv2_top589_max3000_File3.npz
Features and labels saved to /home/lgierz/BA_MothClassification/data/processed/features/features_DINOv2_top589_max3000_File3.npz
Features and labels loaded from /home/lgierz/BA_MothClassification/data/processed/features/features_DINOv2_top589_max3000_File3.npz
Features and labels saved to /home/lgierz/BA_MothClassification/data/processed/features/features_DINOv2_top589_max3000_File3.npz
Features and labels loaded from /home/lgierz/BA_MothClassification/data/processed/features/features_DINOv2_top589_max3000_File3.npz
Features and labels saved to /home/lgierz/BA_MothClassification/data/processed/features/features_DINOv2_top589_max3000_File3.npz
Features and labels loaded from /home/lgierz/BA_MothClassification/data/processed/features/features_DINOv2_top589_max3000_File3.npz
Features and labels saved to /home/lgierz/BA_MothClassification/data/processed/features/features_DINOv2_top589_max3000_File3.npz
Features and labels loaded from /home/lgierz/BA_MothClassification/data/processed/features/features_DINOv2_top589_max3000_File3.npz
Features and labels saved to /home/lgierz/BA_MothClassification/data/processed/features/features_DINOv2_top589_max3000_File3.npz
Features and labels loaded from /home/lgierz/BA_MothClassification/data/processed/features/features_DINOv2_top589_max3000_File3.npz
Features and labels saved to /home/lgierz/BA_MothClassification/data/processed/features/features_DINOv2_top589_max3000_File3.npz
Features and labels loaded from /home/lgierz/BA_MothClassification/data/processed/features/features_DINOv2_top589_max3000_File3.npz
Features and labels saved to /home/lgierz/BA_MothClassification/data/processed/features/features_DINOv2_top589_max3000_File3.npz
Features and labels loaded from /home/lgierz/BA_MothClassification/data/processed/features/features_DINOv2_top589_max3000_File3.npz
Features and labels saved to /home/lgierz/BA_MothClassification/data/processed/features/features_DINOv2_top589_max3000_File3.npz
Features and labels loaded from /home/lgierz/BA_MothClassification/data/processed/features/features_DINOv2_top589_max3000_File3.npz
Features and labels saved to /home/lgierz/BA_MothClassification/data/processed/features/features_DINOv2_top589_max3000_File3.npz
Features and labels loaded from /home/lgierz/BA_MothClassification/data/processed/features/features_DINOv2_top589_max3000_File3.npz
Features and labels saved to /home/lgierz/BA_MothClassification/data/processed/features/features_DINOv2_top589_max3000_File3.npz
Features and labels loaded from /home/lgierz/BA_MothClassification/data/processed/features/features_DINOv2_top589_max3000_File3.npz
Features and labels saved to /home/lgierz/BA_MothClassification/data/processed/features/features_DINOv2_top589_max3000_File3.npz
